{"/Users/raphaelbentvelzen/Library/Mobile Documents/com~apple~CloudDocs/Projet ArroW2/arrow/backend/src/app.module.ts": {"path":"/Users/raphaelbentvelzen/Library/Mobile Documents/com~apple~CloudDocs/Projet ArroW2/arrow/backend/src/app.module.ts","statementMap":{"0":{"start":{"line":1,"column":0},"end":{"line":1,"column":40}},"1":{"start":{"line":2,"column":0},"end":{"line":2,"column":50}},"2":{"start":{"line":3,"column":0},"end":{"line":3,"column":46}},"3":{"start":{"line":4,"column":0},"end":{"line":4,"column":48}},"4":{"start":{"line":5,"column":0},"end":{"line":5,"column":72}},"5":{"start":{"line":6,"column":0},"end":{"line":6,"column":54}},"6":{"start":{"line":7,"column":0},"end":{"line":7,"column":51}},"7":{"start":{"line":8,"column":0},"end":{"line":8,"column":93}},"8":{"start":{"line":9,"column":0},"end":{"line":9,"column":78}},"9":{"start":{"line":10,"column":0},"end":{"line":10,"column":73}},"10":{"start":{"line":24,"column":7},"end":{"line":24,"column":null}},"11":{"start":{"line":24,"column":13},"end":{"line":24,"column":22}},"12":{"start":{"line":24,"column":13},"end":{"line":24,"column":null}}},"fnMap":{},"branchMap":{"0":{"loc":{"start":{"line":15,"column":27},"end":{"line":15,"column":87}},"type":"binary-expr","locations":[{"start":{"line":15,"column":27},"end":{"line":15,"column":50}},{"start":{"line":15,"column":54},"end":{"line":15,"column":87}}]}},"s":{"0":0,"1":0,"2":0,"3":0,"4":0,"5":0,"6":0,"7":0,"8":0,"9":0,"10":0,"11":0,"12":0},"f":{},"b":{"0":[0,0]}}
,"/Users/raphaelbentvelzen/Library/Mobile Documents/com~apple~CloudDocs/Projet ArroW2/arrow/backend/src/main.ts": {"path":"/Users/raphaelbentvelzen/Library/Mobile Documents/com~apple~CloudDocs/Projet ArroW2/arrow/backend/src/main.ts","statementMap":{"0":{"start":{"line":1,"column":0},"end":{"line":1,"column":43}},"1":{"start":{"line":2,"column":0},"end":{"line":2,"column":41}},"2":{"start":{"line":3,"column":0},"end":{"line":3,"column":48}},"3":{"start":{"line":6,"column":14},"end":{"line":6,"column":49}},"4":{"start":{"line":8,"column":2},"end":{"line":11,"column":6}},"5":{"start":{"line":13,"column":2},"end":{"line":13,"column":19}},"6":{"start":{"line":15,"column":2},"end":{"line":15,"column":25}},"7":{"start":{"line":18,"column":0},"end":{"line":18,"column":12}}},"fnMap":{"0":{"name":"bootstrap","decl":{"start":{"line":5,"column":15},"end":{"line":5,"column":24}},"loc":{"start":{"line":5,"column":24},"end":{"line":16,"column":1}}}},"branchMap":{},"s":{"0":0,"1":0,"2":0,"3":0,"4":0,"5":0,"6":0,"7":0},"f":{"0":0},"b":{}}
,"/Users/raphaelbentvelzen/Library/Mobile Documents/com~apple~CloudDocs/Projet ArroW2/arrow/backend/src/admin/admin.controller.ts": {"path":"/Users/raphaelbentvelzen/Library/Mobile Documents/com~apple~CloudDocs/Projet ArroW2/arrow/backend/src/admin/admin.controller.ts","statementMap":{"0":{"start":{"line":1,"column":0},"end":{"line":1,"column":94}},"1":{"start":{"line":2,"column":0},"end":{"line":2,"column":61}},"2":{"start":{"line":3,"column":0},"end":{"line":3,"column":56}},"3":{"start":{"line":4,"column":0},"end":{"line":4,"column":59}},"4":{"start":{"line":5,"column":0},"end":{"line":5,"column":47}},"5":{"start":{"line":6,"column":0},"end":{"line":6,"column":47}},"6":{"start":{"line":7,"column":0},"end":{"line":7,"column":56}},"7":{"start":{"line":8,"column":0},"end":{"line":8,"column":56}},"8":{"start":{"line":13,"column":7},"end":{"line":40,"column":null}},"9":{"start":{"line":14,"column":31},"end":{"line":14,"column":45}},"10":{"start":{"line":18,"column":4},"end":{"line":18,"column":58}},"11":{"start":{"line":23,"column":4},"end":{"line":23,"column":45}},"12":{"start":{"line":28,"column":4},"end":{"line":28,"column":47}},"13":{"start":{"line":33,"column":4},"end":{"line":33,"column":62}},"14":{"start":{"line":38,"column":4},"end":{"line":38,"column":46}},"15":{"start":{"line":13,"column":13},"end":{"line":13,"column":28}},"16":{"start":{"line":17,"column":8},"end":{"line":19,"column":null}},"17":{"start":{"line":22,"column":8},"end":{"line":24,"column":null}},"18":{"start":{"line":27,"column":8},"end":{"line":29,"column":null}},"19":{"start":{"line":32,"column":8},"end":{"line":34,"column":null}},"20":{"start":{"line":37,"column":8},"end":{"line":39,"column":null}},"21":{"start":{"line":13,"column":13},"end":{"line":40,"column":null}}},"fnMap":{"0":{"name":"(anonymous_4)","decl":{"start":{"line":14,"column":2},"end":{"line":14,"column":31}},"loc":{"start":{"line":14,"column":57},"end":{"line":14,"column":61}}},"1":{"name":"(anonymous_5)","decl":{"start":{"line":17,"column":2},"end":{"line":17,"column":7}},"loc":{"start":{"line":17,"column":53},"end":{"line":19,"column":3}}},"2":{"name":"(anonymous_6)","decl":{"start":{"line":22,"column":2},"end":{"line":22,"column":7}},"loc":{"start":{"line":22,"column":15},"end":{"line":24,"column":3}}},"3":{"name":"(anonymous_7)","decl":{"start":{"line":27,"column":2},"end":{"line":27,"column":7}},"loc":{"start":{"line":27,"column":39},"end":{"line":29,"column":3}}},"4":{"name":"(anonymous_8)","decl":{"start":{"line":32,"column":2},"end":{"line":32,"column":7}},"loc":{"start":{"line":32,"column":78},"end":{"line":34,"column":3}}},"5":{"name":"(anonymous_9)","decl":{"start":{"line":37,"column":2},"end":{"line":37,"column":7}},"loc":{"start":{"line":37,"column":38},"end":{"line":39,"column":3}}}},"branchMap":{},"s":{"0":0,"1":0,"2":0,"3":0,"4":0,"5":0,"6":0,"7":0,"8":0,"9":0,"10":0,"11":0,"12":0,"13":0,"14":0,"15":0,"16":0,"17":0,"18":0,"19":0,"20":0,"21":0},"f":{"0":0,"1":0,"2":0,"3":0,"4":0,"5":0},"b":{}}
,"/Users/raphaelbentvelzen/Library/Mobile Documents/com~apple~CloudDocs/Projet ArroW2/arrow/backend/src/admin/admin.module.ts": {"path":"/Users/raphaelbentvelzen/Library/Mobile Documents/com~apple~CloudDocs/Projet ArroW2/arrow/backend/src/admin/admin.module.ts","statementMap":{"0":{"start":{"line":1,"column":0},"end":{"line":1,"column":40}},"1":{"start":{"line":2,"column":0},"end":{"line":2,"column":50}},"2":{"start":{"line":3,"column":0},"end":{"line":3,"column":53}},"3":{"start":{"line":4,"column":0},"end":{"line":4,"column":47}},"4":{"start":{"line":5,"column":0},"end":{"line":5,"column":60}},"5":{"start":{"line":15,"column":7},"end":{"line":15,"column":null}},"6":{"start":{"line":15,"column":13},"end":{"line":15,"column":24}},"7":{"start":{"line":15,"column":13},"end":{"line":15,"column":null}}},"fnMap":{},"branchMap":{},"s":{"0":0,"1":0,"2":0,"3":0,"4":0,"5":0,"6":0,"7":0},"f":{},"b":{}}
,"/Users/raphaelbentvelzen/Library/Mobile Documents/com~apple~CloudDocs/Projet ArroW2/arrow/backend/src/admin/admin.service.ts": {"path":"/Users/raphaelbentvelzen/Library/Mobile Documents/com~apple~CloudDocs/Projet ArroW2/arrow/backend/src/admin/admin.service.ts","statementMap":{"0":{"start":{"line":1,"column":0},"end":{"line":1,"column":63}},"1":{"start":{"line":2,"column":0},"end":{"line":2,"column":47}},"2":{"start":{"line":3,"column":0},"end":{"line":3,"column":33}},"3":{"start":{"line":6,"column":0},"end":{"line":6,"column":47}},"4":{"start":{"line":7,"column":0},"end":{"line":7,"column":33}},"5":{"start":{"line":10,"column":7},"end":{"line":58,"column":null}},"6":{"start":{"line":12,"column":46},"end":{"line":12,"column":58}},"7":{"start":{"line":16,"column":27},"end":{"line":16,"column":73}},"8":{"start":{"line":17,"column":25},"end":{"line":21,"column":6}},"9":{"start":{"line":22,"column":4},"end":{"line":22,"column":31}},"10":{"start":{"line":26,"column":4},"end":{"line":26,"column":41}},"11":{"start":{"line":30,"column":18},"end":{"line":30,"column":59}},"12":{"start":{"line":31,"column":4},"end":{"line":33,"column":5}},"13":{"start":{"line":32,"column":6},"end":{"line":32,"column":60}},"14":{"start":{"line":34,"column":4},"end":{"line":34,"column":17}},"15":{"start":{"line":38,"column":4},"end":{"line":40,"column":5}},"16":{"start":{"line":39,"column":6},"end":{"line":39,"column":79}},"17":{"start":{"line":42,"column":25},"end":{"line":44,"column":13}},"18":{"start":{"line":46,"column":4},"end":{"line":48,"column":5}},"19":{"start":{"line":47,"column":6},"end":{"line":47,"column":60}},"20":{"start":{"line":49,"column":4},"end":{"line":49,"column":24}},"21":{"start":{"line":53,"column":19},"end":{"line":53,"column":70}},"22":{"start":{"line":54,"column":4},"end":{"line":56,"column":5}},"23":{"start":{"line":55,"column":6},"end":{"line":55,"column":60}},"24":{"start":{"line":10,"column":13},"end":{"line":10,"column":25}},"25":{"start":{"line":10,"column":13},"end":{"line":58,"column":null}}},"fnMap":{"0":{"name":"(anonymous_4)","decl":{"start":{"line":11,"column":2},"end":{"line":11,"column":null}},"loc":{"start":{"line":12,"column":70},"end":{"line":13,"column":6}}},"1":{"name":"(anonymous_5)","decl":{"start":{"line":15,"column":2},"end":{"line":15,"column":7}},"loc":{"start":{"line":15,"column":45},"end":{"line":23,"column":3}}},"2":{"name":"(anonymous_6)","decl":{"start":{"line":25,"column":2},"end":{"line":25,"column":7}},"loc":{"start":{"line":25,"column":15},"end":{"line":27,"column":3}}},"3":{"name":"(anonymous_7)","decl":{"start":{"line":29,"column":2},"end":{"line":29,"column":7}},"loc":{"start":{"line":29,"column":26},"end":{"line":35,"column":3}}},"4":{"name":"(anonymous_8)","decl":{"start":{"line":37,"column":2},"end":{"line":37,"column":7}},"loc":{"start":{"line":37,"column":57},"end":{"line":50,"column":3}}},"5":{"name":"(anonymous_9)","decl":{"start":{"line":52,"column":2},"end":{"line":52,"column":7}},"loc":{"start":{"line":52,"column":25},"end":{"line":57,"column":3}}}},"branchMap":{"0":{"loc":{"start":{"line":31,"column":4},"end":{"line":33,"column":5}},"type":"if","locations":[{"start":{"line":31,"column":4},"end":{"line":33,"column":5}}]},"1":{"loc":{"start":{"line":38,"column":4},"end":{"line":40,"column":5}},"type":"if","locations":[{"start":{"line":38,"column":4},"end":{"line":40,"column":5}}]},"2":{"loc":{"start":{"line":46,"column":4},"end":{"line":48,"column":5}},"type":"if","locations":[{"start":{"line":46,"column":4},"end":{"line":48,"column":5}}]},"3":{"loc":{"start":{"line":54,"column":4},"end":{"line":56,"column":5}},"type":"if","locations":[{"start":{"line":54,"column":4},"end":{"line":56,"column":5}}]}},"s":{"0":0,"1":0,"2":0,"3":0,"4":0,"5":0,"6":0,"7":0,"8":0,"9":0,"10":0,"11":0,"12":0,"13":0,"14":0,"15":0,"16":0,"17":0,"18":0,"19":0,"20":0,"21":0,"22":0,"23":0,"24":0,"25":0},"f":{"0":0,"1":0,"2":0,"3":0,"4":0,"5":0},"b":{"0":[0],"1":[0],"2":[0],"3":[0]}}
,"/Users/raphaelbentvelzen/Library/Mobile Documents/com~apple~CloudDocs/Projet ArroW2/arrow/backend/src/admin/dto/create-admin.dto.ts": {"path":"/Users/raphaelbentvelzen/Library/Mobile Documents/com~apple~CloudDocs/Projet ArroW2/arrow/backend/src/admin/dto/create-admin.dto.ts","statementMap":{"0":{"start":{"line":1,"column":0},"end":{"line":1,"column":75}},"1":{"start":{"line":3,"column":0},"end":{"line":3,"column":13}},"2":{"start":{"line":6,"column":2},"end":{"line":6,"column":null}},"3":{"start":{"line":10,"column":2},"end":{"line":10,"column":null}},"4":{"start":{"line":14,"column":2},"end":{"line":14,"column":null}},"5":{"start":{"line":19,"column":2},"end":{"line":19,"column":null}}},"fnMap":{},"branchMap":{},"s":{"0":0,"1":0,"2":0,"3":0,"4":0,"5":0},"f":{},"b":{}}
,"/Users/raphaelbentvelzen/Library/Mobile Documents/com~apple~CloudDocs/Projet ArroW2/arrow/backend/src/admin/dto/update-admin.dto.ts": {"path":"/Users/raphaelbentvelzen/Library/Mobile Documents/com~apple~CloudDocs/Projet ArroW2/arrow/backend/src/admin/dto/update-admin.dto.ts","statementMap":{"0":{"start":{"line":1,"column":0},"end":{"line":1,"column":51}},"1":{"start":{"line":2,"column":0},"end":{"line":2,"column":52}},"2":{"start":{"line":4,"column":0},"end":{"line":4,"column":13}}},"fnMap":{},"branchMap":{},"s":{"0":0,"1":0,"2":0},"f":{},"b":{}}
,"/Users/raphaelbentvelzen/Library/Mobile Documents/com~apple~CloudDocs/Projet ArroW2/arrow/backend/src/admin/schemas/admin.schema.ts": {"path":"/Users/raphaelbentvelzen/Library/Mobile Documents/com~apple~CloudDocs/Projet ArroW2/arrow/backend/src/admin/schemas/admin.schema.ts","statementMap":{"0":{"start":{"line":1,"column":0},"end":{"line":1,"column":63}},"1":{"start":{"line":2,"column":0},"end":{"line":2,"column":36}},"2":{"start":{"line":5,"column":7},"end":{"line":20,"column":null}},"3":{"start":{"line":5,"column":13},"end":{"line":5,"column":18}},"4":{"start":{"line":7,"column":2},"end":{"line":7,"column":null}},"5":{"start":{"line":10,"column":2},"end":{"line":10,"column":null}},"6":{"start":{"line":13,"column":2},"end":{"line":13,"column":null}},"7":{"start":{"line":16,"column":2},"end":{"line":16,"column":null}},"8":{"start":{"line":19,"column":2},"end":{"line":19,"column":null}},"9":{"start":{"line":5,"column":13},"end":{"line":20,"column":null}},"10":{"start":{"line":22,"column":13},"end":{"line":22,"column":63}}},"fnMap":{},"branchMap":{},"s":{"0":0,"1":0,"2":0,"3":0,"4":0,"5":0,"6":0,"7":0,"8":0,"9":0,"10":0},"f":{},"b":{}}
,"/Users/raphaelbentvelzen/Library/Mobile Documents/com~apple~CloudDocs/Projet ArroW2/arrow/backend/src/auth/auth.controller.ts": {"path":"/Users/raphaelbentvelzen/Library/Mobile Documents/com~apple~CloudDocs/Projet ArroW2/arrow/backend/src/auth/auth.controller.ts","statementMap":{"0":{"start":{"line":1,"column":0},"end":{"line":1,"column":66}},"1":{"start":{"line":2,"column":0},"end":{"line":2,"column":45}},"2":{"start":{"line":3,"column":0},"end":{"line":3,"column":43}},"3":{"start":{"line":6,"column":7},"end":{"line":14,"column":null}},"4":{"start":{"line":7,"column":22},"end":{"line":7,"column":35}},"5":{"start":{"line":12,"column":4},"end":{"line":12,"column":44}},"6":{"start":{"line":6,"column":13},"end":{"line":6,"column":27}},"7":{"start":{"line":11,"column":8},"end":{"line":13,"column":null}},"8":{"start":{"line":6,"column":13},"end":{"line":14,"column":null}}},"fnMap":{"0":{"name":"(anonymous_4)","decl":{"start":{"line":7,"column":2},"end":{"line":7,"column":22}},"loc":{"start":{"line":7,"column":46},"end":{"line":7,"column":50}}},"1":{"name":"(anonymous_5)","decl":{"start":{"line":11,"column":2},"end":{"line":11,"column":7}},"loc":{"start":{"line":11,"column":40},"end":{"line":13,"column":3}}}},"branchMap":{},"s":{"0":0,"1":0,"2":0,"3":0,"4":0,"5":0,"6":0,"7":0,"8":0},"f":{"0":0,"1":0},"b":{}}
,"/Users/raphaelbentvelzen/Library/Mobile Documents/com~apple~CloudDocs/Projet ArroW2/arrow/backend/src/auth/auth.module.ts": {"path":"/Users/raphaelbentvelzen/Library/Mobile Documents/com~apple~CloudDocs/Projet ArroW2/arrow/backend/src/auth/auth.module.ts","statementMap":{"0":{"start":{"line":1,"column":0},"end":{"line":1,"column":40}},"1":{"start":{"line":2,"column":0},"end":{"line":2,"column":40}},"2":{"start":{"line":3,"column":0},"end":{"line":3,"column":50}},"3":{"start":{"line":4,"column":0},"end":{"line":4,"column":50}},"4":{"start":{"line":5,"column":0},"end":{"line":5,"column":51}},"5":{"start":{"line":6,"column":0},"end":{"line":6,"column":45}},"6":{"start":{"line":7,"column":0},"end":{"line":7,"column":56}},"7":{"start":{"line":8,"column":0},"end":{"line":8,"column":57}},"8":{"start":{"line":9,"column":0},"end":{"line":9,"column":61}},"9":{"start":{"line":10,"column":0},"end":{"line":10,"column":43}},"10":{"start":{"line":30,"column":7},"end":{"line":30,"column":null}},"11":{"start":{"line":30,"column":13},"end":{"line":30,"column":23}},"12":{"start":{"line":30,"column":13},"end":{"line":30,"column":null}},"13":{"start":{"line":19,"column":53},"end":{"line":22,"column":8}}},"fnMap":{"0":{"name":"(anonymous_1)","decl":{"start":{"line":19,"column":18},"end":{"line":19,"column":19}},"loc":{"start":{"line":19,"column":53},"end":{"line":22,"column":8}}}},"branchMap":{},"s":{"0":0,"1":0,"2":0,"3":0,"4":0,"5":0,"6":0,"7":0,"8":0,"9":0,"10":0,"11":0,"12":0,"13":0},"f":{"0":0},"b":{}}
,"/Users/raphaelbentvelzen/Library/Mobile Documents/com~apple~CloudDocs/Projet ArroW2/arrow/backend/src/auth/auth.seeder.ts": {"path":"/Users/raphaelbentvelzen/Library/Mobile Documents/com~apple~CloudDocs/Projet ArroW2/arrow/backend/src/auth/auth.seeder.ts","statementMap":{"0":{"start":{"line":1,"column":0},"end":{"line":1,"column":58}},"1":{"start":{"line":2,"column":0},"end":{"line":2,"column":47}},"2":{"start":{"line":3,"column":0},"end":{"line":3,"column":33}},"3":{"start":{"line":4,"column":0},"end":{"line":4,"column":45}},"4":{"start":{"line":5,"column":0},"end":{"line":5,"column":35}},"5":{"start":{"line":8,"column":7},"end":{"line":26,"column":null}},"6":{"start":{"line":10,"column":36},"end":{"line":10,"column":47}},"7":{"start":{"line":14,"column":24},"end":{"line":14,"column":82}},"8":{"start":{"line":16,"column":4},"end":{"line":24,"column":5}},"9":{"start":{"line":17,"column":29},"end":{"line":17,"column":62}},"10":{"start":{"line":18,"column":6},"end":{"line":22,"column":9}},"11":{"start":{"line":23,"column":6},"end":{"line":23,"column":53}},"12":{"start":{"line":8,"column":13},"end":{"line":8,"column":23}},"13":{"start":{"line":8,"column":13},"end":{"line":26,"column":null}}},"fnMap":{"0":{"name":"(anonymous_4)","decl":{"start":{"line":9,"column":2},"end":{"line":9,"column":null}},"loc":{"start":{"line":10,"column":58},"end":{"line":11,"column":6}}},"1":{"name":"(anonymous_5)","decl":{"start":{"line":13,"column":2},"end":{"line":13,"column":7}},"loc":{"start":{"line":13,"column":20},"end":{"line":25,"column":3}}}},"branchMap":{"0":{"loc":{"start":{"line":16,"column":4},"end":{"line":24,"column":5}},"type":"if","locations":[{"start":{"line":16,"column":4},"end":{"line":24,"column":5}}]}},"s":{"0":0,"1":0,"2":0,"3":0,"4":0,"5":0,"6":0,"7":0,"8":0,"9":0,"10":0,"11":0,"12":0,"13":0},"f":{"0":0,"1":0},"b":{"0":[0]}}
,"/Users/raphaelbentvelzen/Library/Mobile Documents/com~apple~CloudDocs/Projet ArroW2/arrow/backend/src/auth/auth.service.ts": {"path":"/Users/raphaelbentvelzen/Library/Mobile Documents/com~apple~CloudDocs/Projet ArroW2/arrow/backend/src/auth/auth.service.ts","statementMap":{"0":{"start":{"line":1,"column":0},"end":{"line":1,"column":67}},"1":{"start":{"line":2,"column":0},"end":{"line":2,"column":41}},"2":{"start":{"line":3,"column":0},"end":{"line":3,"column":47}},"3":{"start":{"line":4,"column":0},"end":{"line":4,"column":33}},"4":{"start":{"line":5,"column":0},"end":{"line":5,"column":45}},"5":{"start":{"line":6,"column":0},"end":{"line":6,"column":35}},"6":{"start":{"line":10,"column":7},"end":{"line":40,"column":null}},"7":{"start":{"line":12,"column":36},"end":{"line":12,"column":47}},"8":{"start":{"line":13,"column":12},"end":{"line":13,"column":24}},"9":{"start":{"line":17,"column":17},"end":{"line":17,"column":56}},"10":{"start":{"line":18,"column":4},"end":{"line":21,"column":5}},"11":{"start":{"line":19,"column":38},"end":{"line":19,"column":53}},"12":{"start":{"line":20,"column":6},"end":{"line":20,"column":20}},"13":{"start":{"line":22,"column":4},"end":{"line":22,"column":16}},"14":{"start":{"line":26,"column":17},"end":{"line":26,"column":75}},"15":{"start":{"line":27,"column":4},"end":{"line":29,"column":5}},"16":{"start":{"line":28,"column":6},"end":{"line":28,"column":64}},"17":{"start":{"line":31,"column":20},"end":{"line":31,"column":73}},"18":{"start":{"line":32,"column":4},"end":{"line":38,"column":6}},"19":{"start":{"line":10,"column":13},"end":{"line":10,"column":24}},"20":{"start":{"line":10,"column":13},"end":{"line":40,"column":null}}},"fnMap":{"0":{"name":"(anonymous_4)","decl":{"start":{"line":11,"column":2},"end":{"line":11,"column":null}},"loc":{"start":{"line":13,"column":34},"end":{"line":14,"column":6}}},"1":{"name":"(anonymous_5)","decl":{"start":{"line":16,"column":2},"end":{"line":16,"column":7}},"loc":{"start":{"line":16,"column":52},"end":{"line":23,"column":3}}},"2":{"name":"(anonymous_6)","decl":{"start":{"line":25,"column":2},"end":{"line":25,"column":7}},"loc":{"start":{"line":25,"column":32},"end":{"line":39,"column":3}}}},"branchMap":{"0":{"loc":{"start":{"line":18,"column":4},"end":{"line":21,"column":5}},"type":"if","locations":[{"start":{"line":18,"column":4},"end":{"line":21,"column":5}}]},"1":{"loc":{"start":{"line":18,"column":8},"end":{"line":18,"column":61}},"type":"binary-expr","locations":[{"start":{"line":18,"column":8},"end":{"line":18,"column":12}},{"start":{"line":18,"column":16},"end":{"line":18,"column":61}}]},"2":{"loc":{"start":{"line":27,"column":4},"end":{"line":29,"column":5}},"type":"if","locations":[{"start":{"line":27,"column":4},"end":{"line":29,"column":5}}]}},"s":{"0":0,"1":0,"2":0,"3":0,"4":0,"5":0,"6":0,"7":0,"8":0,"9":0,"10":0,"11":0,"12":0,"13":0,"14":0,"15":0,"16":0,"17":0,"18":0,"19":0,"20":0},"f":{"0":0,"1":0,"2":0},"b":{"0":[0],"1":[0,0],"2":[0]}}
,"/Users/raphaelbentvelzen/Library/Mobile Documents/com~apple~CloudDocs/Projet ArroW2/arrow/backend/src/auth/decorators/roles.decorator.ts": {"path":"/Users/raphaelbentvelzen/Library/Mobile Documents/com~apple~CloudDocs/Projet ArroW2/arrow/backend/src/auth/decorators/roles.decorator.ts","statementMap":{"0":{"start":{"line":1,"column":0},"end":{"line":1,"column":45}},"1":{"start":{"line":4,"column":13},"end":{"line":4,"column":33}},"2":{"start":{"line":5,"column":21},"end":{"line":5,"column":72}},"3":{"start":{"line":5,"column":43},"end":{"line":5,"column":72}},"4":{"start":{"line":5,"column":13},"end":{"line":5,"column":21}}},"fnMap":{"0":{"name":"(anonymous_0)","decl":{"start":{"line":5,"column":21},"end":{"line":5,"column":22}},"loc":{"start":{"line":5,"column":43},"end":{"line":5,"column":72}}}},"branchMap":{},"s":{"0":0,"1":0,"2":0,"3":0,"4":0},"f":{"0":0},"b":{}}
,"/Users/raphaelbentvelzen/Library/Mobile Documents/com~apple~CloudDocs/Projet ArroW2/arrow/backend/src/auth/dto/login.dto.ts": {"path":"/Users/raphaelbentvelzen/Library/Mobile Documents/com~apple~CloudDocs/Projet ArroW2/arrow/backend/src/auth/dto/login.dto.ts","statementMap":{"0":{"start":{"line":1,"column":0},"end":{"line":1,"column":74}},"1":{"start":{"line":3,"column":0},"end":{"line":3,"column":13}},"2":{"start":{"line":6,"column":2},"end":{"line":6,"column":null}},"3":{"start":{"line":13,"column":2},"end":{"line":13,"column":null}}},"fnMap":{},"branchMap":{},"s":{"0":0,"1":0,"2":0,"3":0},"f":{},"b":{}}
,"/Users/raphaelbentvelzen/Library/Mobile Documents/com~apple~CloudDocs/Projet ArroW2/arrow/backend/src/auth/enums/role.enum.ts": {"path":"/Users/raphaelbentvelzen/Library/Mobile Documents/com~apple~CloudDocs/Projet ArroW2/arrow/backend/src/auth/enums/role.enum.ts","statementMap":{"0":{"start":{"line":1,"column":0},"end":{"line":1,"column":null}},"1":{"start":{"line":2,"column":2},"end":{"line":2,"column":null}},"2":{"start":{"line":3,"column":2},"end":{"line":3,"column":null}},"3":{"start":{"line":4,"column":2},"end":{"line":4,"column":null}}},"fnMap":{"0":{"name":"(anonymous_0)","decl":{"start":{"line":1,"column":0},"end":{"line":1,"column":12}},"loc":{"start":{"line":1,"column":16},"end":{"line":5,"column":1}}}},"branchMap":{"0":{"loc":{"start":{"line":1,"column":12},"end":{"line":1,"column":null}},"type":"binary-expr","locations":[{"start":{"line":1,"column":12},"end":{"line":1,"column":16}},{"start":{"line":1,"column":16},"end":{"line":1,"column":null}}]}},"s":{"0":0,"1":0,"2":0,"3":0},"f":{"0":0},"b":{"0":[0,0]}}
,"/Users/raphaelbentvelzen/Library/Mobile Documents/com~apple~CloudDocs/Projet ArroW2/arrow/backend/src/auth/guards/jwt-auth.guard.ts": {"path":"/Users/raphaelbentvelzen/Library/Mobile Documents/com~apple~CloudDocs/Projet ArroW2/arrow/backend/src/auth/guards/jwt-auth.guard.ts","statementMap":{"0":{"start":{"line":1,"column":0},"end":{"line":1,"column":44}},"1":{"start":{"line":2,"column":0},"end":{"line":2,"column":45}},"2":{"start":{"line":5,"column":7},"end":{"line":5,"column":null}},"3":{"start":{"line":5,"column":13},"end":{"line":5,"column":25}},"4":{"start":{"line":5,"column":13},"end":{"line":5,"column":null}}},"fnMap":{},"branchMap":{},"s":{"0":0,"1":0,"2":0,"3":0,"4":0},"f":{},"b":{}}
,"/Users/raphaelbentvelzen/Library/Mobile Documents/com~apple~CloudDocs/Projet ArroW2/arrow/backend/src/auth/guards/roles.guard.ts": {"path":"/Users/raphaelbentvelzen/Library/Mobile Documents/com~apple~CloudDocs/Projet ArroW2/arrow/backend/src/auth/guards/roles.guard.ts","statementMap":{"0":{"start":{"line":1,"column":0},"end":{"line":1,"column":75}},"1":{"start":{"line":2,"column":0},"end":{"line":2,"column":41}},"2":{"start":{"line":4,"column":0},"end":{"line":4,"column":58}},"3":{"start":{"line":7,"column":7},"end":{"line":23,"column":null}},"4":{"start":{"line":8,"column":22},"end":{"line":8,"column":33}},"5":{"start":{"line":11,"column":26},"end":{"line":14,"column":6}},"6":{"start":{"line":16,"column":4},"end":{"line":18,"column":5}},"7":{"start":{"line":17,"column":6},"end":{"line":17,"column":18}},"8":{"start":{"line":20,"column":21},"end":{"line":20,"column":56}},"9":{"start":{"line":21,"column":4},"end":{"line":21,"column":61}},"10":{"start":{"line":21,"column":40},"end":{"line":21,"column":59}},"11":{"start":{"line":7,"column":13},"end":{"line":7,"column":23}},"12":{"start":{"line":7,"column":13},"end":{"line":23,"column":null}}},"fnMap":{"0":{"name":"(anonymous_2)","decl":{"start":{"line":8,"column":2},"end":{"line":8,"column":22}},"loc":{"start":{"line":8,"column":42},"end":{"line":8,"column":46}}},"1":{"name":"(anonymous_3)","decl":{"start":{"line":10,"column":2},"end":{"line":10,"column":13}},"loc":{"start":{"line":10,"column":39},"end":{"line":22,"column":3}}},"2":{"name":"(anonymous_4)","decl":{"start":{"line":21,"column":30},"end":{"line":21,"column":31}},"loc":{"start":{"line":21,"column":40},"end":{"line":21,"column":59}}}},"branchMap":{"0":{"loc":{"start":{"line":16,"column":4},"end":{"line":18,"column":5}},"type":"if","locations":[{"start":{"line":16,"column":4},"end":{"line":18,"column":5}}]}},"s":{"0":0,"1":0,"2":0,"3":0,"4":0,"5":0,"6":0,"7":0,"8":0,"9":0,"10":0,"11":0,"12":0},"f":{"0":0,"1":0,"2":0},"b":{"0":[0]}}
,"/Users/raphaelbentvelzen/Library/Mobile Documents/com~apple~CloudDocs/Projet ArroW2/arrow/backend/src/auth/schemas/user.schema.ts": {"path":"/Users/raphaelbentvelzen/Library/Mobile Documents/com~apple~CloudDocs/Projet ArroW2/arrow/backend/src/auth/schemas/user.schema.ts","statementMap":{"0":{"start":{"line":1,"column":0},"end":{"line":1,"column":63}},"1":{"start":{"line":2,"column":0},"end":{"line":2,"column":36}},"2":{"start":{"line":5,"column":7},"end":{"line":17,"column":null}},"3":{"start":{"line":5,"column":13},"end":{"line":5,"column":17}},"4":{"start":{"line":7,"column":2},"end":{"line":7,"column":null}},"5":{"start":{"line":10,"column":2},"end":{"line":10,"column":null}},"6":{"start":{"line":13,"column":2},"end":{"line":13,"column":null}},"7":{"start":{"line":16,"column":2},"end":{"line":16,"column":null}},"8":{"start":{"line":5,"column":13},"end":{"line":17,"column":null}},"9":{"start":{"line":19,"column":13},"end":{"line":19,"column":61}}},"fnMap":{},"branchMap":{},"s":{"0":0,"1":0,"2":0,"3":0,"4":0,"5":0,"6":0,"7":0,"8":0,"9":0},"f":{},"b":{}}
,"/Users/raphaelbentvelzen/Library/Mobile Documents/com~apple~CloudDocs/Projet ArroW2/arrow/backend/src/auth/strategies/jwt.strategy.ts": {"path":"/Users/raphaelbentvelzen/Library/Mobile Documents/com~apple~CloudDocs/Projet ArroW2/arrow/backend/src/auth/strategies/jwt.strategy.ts","statementMap":{"0":{"start":{"line":1,"column":0},"end":{"line":1,"column":44}},"1":{"start":{"line":2,"column":0},"end":{"line":2,"column":52}},"2":{"start":{"line":3,"column":0},"end":{"line":3,"column":52}},"3":{"start":{"line":4,"column":0},"end":{"line":4,"column":47}},"4":{"start":{"line":7,"column":7},"end":{"line":24,"column":null}},"5":{"start":{"line":9,"column":22},"end":{"line":9,"column":61}},"6":{"start":{"line":10,"column":4},"end":{"line":12,"column":5}},"7":{"start":{"line":11,"column":6},"end":{"line":11,"column":51}},"8":{"start":{"line":14,"column":4},"end":{"line":18,"column":7}},"9":{"start":{"line":8,"column":22},"end":{"line":8,"column":37}},"10":{"start":{"line":22,"column":4},"end":{"line":22,"column":77}},"11":{"start":{"line":7,"column":13},"end":{"line":7,"column":24}},"12":{"start":{"line":7,"column":13},"end":{"line":24,"column":null}}},"fnMap":{"0":{"name":"(anonymous_2)","decl":{"start":{"line":8,"column":2},"end":{"line":8,"column":22}},"loc":{"start":{"line":8,"column":50},"end":{"line":19,"column":3}}},"1":{"name":"(anonymous_3)","decl":{"start":{"line":21,"column":2},"end":{"line":21,"column":7}},"loc":{"start":{"line":21,"column":29},"end":{"line":23,"column":3}}}},"branchMap":{"0":{"loc":{"start":{"line":10,"column":4},"end":{"line":12,"column":5}},"type":"if","locations":[{"start":{"line":10,"column":4},"end":{"line":12,"column":5}}]}},"s":{"0":0,"1":0,"2":0,"3":0,"4":0,"5":0,"6":0,"7":0,"8":0,"9":0,"10":0,"11":0,"12":0},"f":{"0":0,"1":0},"b":{"0":[0]}}
,"/Users/raphaelbentvelzen/Library/Mobile Documents/com~apple~CloudDocs/Projet ArroW2/arrow/backend/src/common/common.module.ts": {"path":"/Users/raphaelbentvelzen/Library/Mobile Documents/com~apple~CloudDocs/Projet ArroW2/arrow/backend/src/common/common.module.ts","statementMap":{"0":{"start":{"line":1,"column":0},"end":{"line":1,"column":40}},"1":{"start":{"line":2,"column":0},"end":{"line":2,"column":54}},"2":{"start":{"line":8,"column":7},"end":{"line":8,"column":null}},"3":{"start":{"line":8,"column":13},"end":{"line":8,"column":25}},"4":{"start":{"line":8,"column":13},"end":{"line":8,"column":null}}},"fnMap":{},"branchMap":{},"s":{"0":0,"1":0,"2":0,"3":0,"4":0},"f":{},"b":{}}
,"/Users/raphaelbentvelzen/Library/Mobile Documents/com~apple~CloudDocs/Projet ArroW2/arrow/backend/src/common/config/documents.multer.config.ts": {"path":"/Users/raphaelbentvelzen/Library/Mobile Documents/com~apple~CloudDocs/Projet ArroW2/arrow/backend/src/common/config/documents.multer.config.ts","statementMap":{"0":{"start":{"line":1,"column":0},"end":{"line":1,"column":37}},"1":{"start":{"line":2,"column":0},"end":{"line":2,"column":31}},"2":{"start":{"line":6,"column":13},"end":{"line":23,"column":2}},"3":{"start":{"line":10,"column":27},"end":{"line":10,"column":77}},"4":{"start":{"line":11,"column":6},"end":{"line":11,"column":69}},"5":{"start":{"line":15,"column":4},"end":{"line":17,"column":5}},"6":{"start":{"line":16,"column":6},"end":{"line":16,"column":87}},"7":{"start":{"line":18,"column":4},"end":{"line":18,"column":25}}},"fnMap":{"0":{"name":"(anonymous_0)","decl":{"start":{"line":9,"column":14},"end":{"line":9,"column":15}},"loc":{"start":{"line":9,"column":117},"end":{"line":12,"column":5}}},"1":{"name":"(anonymous_1)","decl":{"start":{"line":14,"column":14},"end":{"line":14,"column":15}},"loc":{"start":{"line":14,"column":120},"end":{"line":19,"column":3}}}},"branchMap":{"0":{"loc":{"start":{"line":15,"column":4},"end":{"line":17,"column":5}},"type":"if","locations":[{"start":{"line":15,"column":4},"end":{"line":17,"column":5}}]}},"s":{"0":0,"1":0,"2":0,"3":0,"4":0,"5":0,"6":0,"7":0},"f":{"0":0,"1":0},"b":{"0":[0]}}
,"/Users/raphaelbentvelzen/Library/Mobile Documents/com~apple~CloudDocs/Projet ArroW2/arrow/backend/src/common/config/multer.config.ts": {"path":"/Users/raphaelbentvelzen/Library/Mobile Documents/com~apple~CloudDocs/Projet ArroW2/arrow/backend/src/common/config/multer.config.ts","statementMap":{"0":{"start":{"line":4,"column":0},"end":{"line":4,"column":37}},"1":{"start":{"line":5,"column":0},"end":{"line":5,"column":31}},"2":{"start":{"line":7,"column":13},"end":{"line":25,"column":2}},"3":{"start":{"line":11,"column":27},"end":{"line":11,"column":77}},"4":{"start":{"line":12,"column":6},"end":{"line":12,"column":69}},"5":{"start":{"line":17,"column":4},"end":{"line":19,"column":5}},"6":{"start":{"line":18,"column":6},"end":{"line":18,"column":81}},"7":{"start":{"line":20,"column":4},"end":{"line":20,"column":25}}},"fnMap":{"0":{"name":"(anonymous_0)","decl":{"start":{"line":10,"column":14},"end":{"line":10,"column":15}},"loc":{"start":{"line":10,"column":38},"end":{"line":13,"column":5}}},"1":{"name":"(anonymous_1)","decl":{"start":{"line":15,"column":14},"end":{"line":15,"column":15}},"loc":{"start":{"line":15,"column":38},"end":{"line":21,"column":3}}}},"branchMap":{"0":{"loc":{"start":{"line":17,"column":4},"end":{"line":19,"column":5}},"type":"if","locations":[{"start":{"line":17,"column":4},"end":{"line":19,"column":5}}]}},"s":{"0":0,"1":0,"2":0,"3":0,"4":0,"5":0,"6":0,"7":0},"f":{"0":0,"1":0},"b":{"0":[0]}}
,"/Users/raphaelbentvelzen/Library/Mobile Documents/com~apple~CloudDocs/Projet ArroW2/arrow/backend/src/common/services/file.service.ts": {"path":"/Users/raphaelbentvelzen/Library/Mobile Documents/com~apple~CloudDocs/Projet ArroW2/arrow/backend/src/common/services/file.service.ts","statementMap":{"0":{"start":{"line":3,"column":0},"end":{"line":3,"column":44}},"1":{"start":{"line":4,"column":0},"end":{"line":4,"column":43}},"2":{"start":{"line":5,"column":0},"end":{"line":5,"column":28}},"3":{"start":{"line":8,"column":7},"end":{"line":34,"column":null}},"4":{"start":{"line":9,"column":19},"end":{"line":9,"column":41}},"5":{"start":{"line":10,"column":19},"end":{"line":10,"column":68}},"6":{"start":{"line":11,"column":19},"end":{"line":11,"column":62}},"7":{"start":{"line":12,"column":19},"end":{"line":12,"column":68}},"8":{"start":{"line":15,"column":4},"end":{"line":15,"column":34}},"9":{"start":{"line":19,"column":4},"end":{"line":23,"column":7}},"10":{"start":{"line":20,"column":6},"end":{"line":22,"column":7}},"11":{"start":{"line":21,"column":8},"end":{"line":21,"column":44}},"12":{"start":{"line":27,"column":24},"end":{"line":31,"column":6}},"13":{"start":{"line":32,"column":4},"end":{"line":32,"column":49}},"14":{"start":{"line":8,"column":13},"end":{"line":8,"column":24}},"15":{"start":{"line":8,"column":13},"end":{"line":34,"column":null}}},"fnMap":{"0":{"name":"(anonymous_2)","decl":{"start":{"line":14,"column":2},"end":{"line":14,"column":null}},"loc":{"start":{"line":14,"column":2},"end":{"line":16,"column":3}}},"1":{"name":"(anonymous_3)","decl":{"start":{"line":18,"column":10},"end":{"line":18,"column":32}},"loc":{"start":{"line":18,"column":32},"end":{"line":24,"column":3}}},"2":{"name":"(anonymous_4)","decl":{"start":{"line":19,"column":83},"end":{"line":19,"column":86}},"loc":{"start":{"line":19,"column":89},"end":{"line":23,"column":5}}},"3":{"name":"(anonymous_5)","decl":{"start":{"line":26,"column":2},"end":{"line":26,"column":13}},"loc":{"start":{"line":26,"column":78},"end":{"line":33,"column":3}}}},"branchMap":{"0":{"loc":{"start":{"line":20,"column":6},"end":{"line":22,"column":7}},"type":"if","locations":[{"start":{"line":20,"column":6},"end":{"line":22,"column":7}}]}},"s":{"0":0,"1":0,"2":0,"3":0,"4":0,"5":0,"6":0,"7":0,"8":0,"9":0,"10":0,"11":0,"12":0,"13":0,"14":0,"15":0},"f":{"0":0,"1":0,"2":0,"3":0},"b":{"0":[0]}}
,"/Users/raphaelbentvelzen/Library/Mobile Documents/com~apple~CloudDocs/Projet ArroW2/arrow/backend/src/cours/schemas/cours.schema.ts": {"path":"/Users/raphaelbentvelzen/Library/Mobile Documents/com~apple~CloudDocs/Projet ArroW2/arrow/backend/src/cours/schemas/cours.schema.ts","statementMap":{"0":{"start":{"line":1,"column":0},"end":{"line":1,"column":63}},"1":{"start":{"line":2,"column":0},"end":{"line":2,"column":43}},"2":{"start":{"line":5,"column":7},"end":{"line":23,"column":null}},"3":{"start":{"line":5,"column":13},"end":{"line":5,"column":18}},"4":{"start":{"line":7,"column":2},"end":{"line":7,"column":null}},"5":{"start":{"line":10,"column":2},"end":{"line":10,"column":null}},"6":{"start":{"line":13,"column":2},"end":{"line":13,"column":null}},"7":{"start":{"line":16,"column":2},"end":{"line":16,"column":null}},"8":{"start":{"line":19,"column":2},"end":{"line":19,"column":null}},"9":{"start":{"line":22,"column":2},"end":{"line":22,"column":null}},"10":{"start":{"line":5,"column":13},"end":{"line":23,"column":null}},"11":{"start":{"line":25,"column":13},"end":{"line":25,"column":63}}},"fnMap":{},"branchMap":{},"s":{"0":0,"1":0,"2":0,"3":0,"4":0,"5":0,"6":0,"7":0,"8":0,"9":0,"10":0,"11":0},"f":{},"b":{}}
,"/Users/raphaelbentvelzen/Library/Mobile Documents/com~apple~CloudDocs/Projet ArroW2/arrow/backend/src/etudiants/schemas/etudiant.schema.ts": {"path":"/Users/raphaelbentvelzen/Library/Mobile Documents/com~apple~CloudDocs/Projet ArroW2/arrow/backend/src/etudiants/schemas/etudiant.schema.ts","statementMap":{"0":{"start":{"line":1,"column":0},"end":{"line":1,"column":63}},"1":{"start":{"line":2,"column":0},"end":{"line":2,"column":36}},"2":{"start":{"line":5,"column":7},"end":{"line":20,"column":null}},"3":{"start":{"line":5,"column":13},"end":{"line":5,"column":21}},"4":{"start":{"line":7,"column":2},"end":{"line":7,"column":null}},"5":{"start":{"line":10,"column":2},"end":{"line":10,"column":null}},"6":{"start":{"line":13,"column":2},"end":{"line":13,"column":null}},"7":{"start":{"line":16,"column":2},"end":{"line":16,"column":null}},"8":{"start":{"line":19,"column":2},"end":{"line":19,"column":null}},"9":{"start":{"line":5,"column":13},"end":{"line":20,"column":null}},"10":{"start":{"line":22,"column":13},"end":{"line":22,"column":69}}},"fnMap":{},"branchMap":{},"s":{"0":0,"1":0,"2":0,"3":0,"4":0,"5":0,"6":0,"7":0,"8":0,"9":0,"10":0},"f":{},"b":{}}
,"/Users/raphaelbentvelzen/Library/Mobile Documents/com~apple~CloudDocs/Projet ArroW2/arrow/backend/src/intervenants/intervenants.controller.ts": {"path":"/Users/raphaelbentvelzen/Library/Mobile Documents/com~apple~CloudDocs/Projet ArroW2/arrow/backend/src/intervenants/intervenants.controller.ts","statementMap":{"0":{"start":{"line":3,"column":0},"end":{"line":3,"column":147}},"1":{"start":{"line":4,"column":0},"end":{"line":4,"column":82}},"2":{"start":{"line":5,"column":0},"end":{"line":5,"column":62}},"3":{"start":{"line":6,"column":0},"end":{"line":6,"column":61}},"4":{"start":{"line":7,"column":0},"end":{"line":7,"column":62}},"5":{"start":{"line":8,"column":0},"end":{"line":8,"column":68}},"6":{"start":{"line":9,"column":0},"end":{"line":9,"column":61}},"7":{"start":{"line":10,"column":0},"end":{"line":10,"column":81}},"8":{"start":{"line":11,"column":0},"end":{"line":11,"column":68}},"9":{"start":{"line":12,"column":0},"end":{"line":12,"column":59}},"10":{"start":{"line":13,"column":0},"end":{"line":13,"column":56}},"11":{"start":{"line":14,"column":0},"end":{"line":14,"column":47}},"12":{"start":{"line":15,"column":0},"end":{"line":15,"column":68}},"13":{"start":{"line":16,"column":0},"end":{"line":16,"column":72}},"14":{"start":{"line":17,"column":0},"end":{"line":17,"column":66}},"15":{"start":{"line":18,"column":0},"end":{"line":18,"column":58}},"16":{"start":{"line":22,"column":7},"end":{"line":148,"column":null}},"17":{"start":{"line":24,"column":21},"end":{"line":24,"column":42}},"18":{"start":{"line":25,"column":21},"end":{"line":25,"column":34}},"19":{"start":{"line":31,"column":4},"end":{"line":31,"column":71}},"20":{"start":{"line":36,"column":4},"end":{"line":36,"column":61}},"21":{"start":{"line":41,"column":4},"end":{"line":41,"column":54}},"22":{"start":{"line":46,"column":4},"end":{"line":46,"column":75}},"23":{"start":{"line":52,"column":4},"end":{"line":52,"column":53}},"24":{"start":{"line":61,"column":4},"end":{"line":61,"column":58}},"25":{"start":{"line":86,"column":4},"end":{"line":86,"column":63}},"26":{"start":{"line":95,"column":4},"end":{"line":95,"column":87}},"27":{"start":{"line":100,"column":4},"end":{"line":100,"column":64}},"28":{"start":{"line":109,"column":4},"end":{"line":109,"column":83}},"29":{"start":{"line":118,"column":4},"end":{"line":118,"column":81}},"30":{"start":{"line":123,"column":4},"end":{"line":123,"column":61}},"31":{"start":{"line":132,"column":4},"end":{"line":132,"column":73}},"32":{"start":{"line":137,"column":4},"end":{"line":137,"column":57}},"33":{"start":{"line":146,"column":4},"end":{"line":146,"column":69}},"34":{"start":{"line":22,"column":13},"end":{"line":22,"column":35}},"35":{"start":{"line":30,"column":8},"end":{"line":32,"column":null}},"36":{"start":{"line":35,"column":8},"end":{"line":37,"column":null}},"37":{"start":{"line":40,"column":8},"end":{"line":42,"column":null}},"38":{"start":{"line":45,"column":8},"end":{"line":47,"column":null}},"39":{"start":{"line":51,"column":8},"end":{"line":53,"column":null}},"40":{"start":{"line":57,"column":8},"end":{"line":62,"column":null}},"41":{"start":{"line":75,"column":8},"end":{"line":87,"column":null}},"42":{"start":{"line":91,"column":8},"end":{"line":96,"column":null}},"43":{"start":{"line":99,"column":8},"end":{"line":101,"column":null}},"44":{"start":{"line":105,"column":8},"end":{"line":110,"column":null}},"45":{"start":{"line":114,"column":8},"end":{"line":119,"column":null}},"46":{"start":{"line":122,"column":8},"end":{"line":124,"column":null}},"47":{"start":{"line":128,"column":8},"end":{"line":133,"column":null}},"48":{"start":{"line":136,"column":8},"end":{"line":138,"column":null}},"49":{"start":{"line":142,"column":8},"end":{"line":147,"column":null}},"50":{"start":{"line":22,"column":13},"end":{"line":148,"column":null}}},"fnMap":{"0":{"name":"(anonymous_4)","decl":{"start":{"line":23,"column":2},"end":{"line":23,"column":null}},"loc":{"start":{"line":25,"column":45},"end":{"line":26,"column":6}}},"1":{"name":"(anonymous_5)","decl":{"start":{"line":30,"column":2},"end":{"line":30,"column":7}},"loc":{"start":{"line":30,"column":65},"end":{"line":32,"column":3}}},"2":{"name":"(anonymous_6)","decl":{"start":{"line":35,"column":2},"end":{"line":35,"column":7}},"loc":{"start":{"line":35,"column":56},"end":{"line":37,"column":3}}},"3":{"name":"(anonymous_7)","decl":{"start":{"line":40,"column":2},"end":{"line":40,"column":7}},"loc":{"start":{"line":40,"column":39},"end":{"line":42,"column":3}}},"4":{"name":"(anonymous_8)","decl":{"start":{"line":45,"column":2},"end":{"line":45,"column":7}},"loc":{"start":{"line":45,"column":90},"end":{"line":47,"column":3}}},"5":{"name":"(anonymous_9)","decl":{"start":{"line":51,"column":2},"end":{"line":51,"column":7}},"loc":{"start":{"line":51,"column":38},"end":{"line":53,"column":3}}},"6":{"name":"(anonymous_10)","decl":{"start":{"line":57,"column":2},"end":{"line":57,"column":7}},"loc":{"start":{"line":59,"column":45},"end":{"line":62,"column":3}}},"7":{"name":"(anonymous_11)","decl":{"start":{"line":75,"column":2},"end":{"line":75,"column":7}},"loc":{"start":{"line":84,"column":5},"end":{"line":87,"column":3}}},"8":{"name":"(anonymous_12)","decl":{"start":{"line":91,"column":2},"end":{"line":91,"column":7}},"loc":{"start":{"line":93,"column":58},"end":{"line":96,"column":3}}},"9":{"name":"(anonymous_13)","decl":{"start":{"line":99,"column":2},"end":{"line":99,"column":7}},"loc":{"start":{"line":99,"column":49},"end":{"line":101,"column":3}}},"10":{"name":"(anonymous_14)","decl":{"start":{"line":105,"column":2},"end":{"line":105,"column":7}},"loc":{"start":{"line":107,"column":53},"end":{"line":110,"column":3}}},"11":{"name":"(anonymous_15)","decl":{"start":{"line":114,"column":2},"end":{"line":114,"column":7}},"loc":{"start":{"line":116,"column":52},"end":{"line":119,"column":3}}},"12":{"name":"(anonymous_16)","decl":{"start":{"line":122,"column":2},"end":{"line":122,"column":7}},"loc":{"start":{"line":122,"column":46},"end":{"line":124,"column":3}}},"13":{"name":"(anonymous_17)","decl":{"start":{"line":128,"column":2},"end":{"line":128,"column":7}},"loc":{"start":{"line":130,"column":44},"end":{"line":133,"column":3}}},"14":{"name":"(anonymous_18)","decl":{"start":{"line":136,"column":2},"end":{"line":136,"column":7}},"loc":{"start":{"line":136,"column":42},"end":{"line":138,"column":3}}},"15":{"name":"(anonymous_19)","decl":{"start":{"line":142,"column":2},"end":{"line":142,"column":7}},"loc":{"start":{"line":144,"column":39},"end":{"line":147,"column":3}}}},"branchMap":{},"s":{"0":0,"1":0,"2":0,"3":0,"4":0,"5":0,"6":0,"7":0,"8":0,"9":0,"10":0,"11":0,"12":0,"13":0,"14":0,"15":0,"16":0,"17":0,"18":0,"19":0,"20":0,"21":0,"22":0,"23":0,"24":0,"25":0,"26":0,"27":0,"28":0,"29":0,"30":0,"31":0,"32":0,"33":0,"34":0,"35":0,"36":0,"37":0,"38":0,"39":0,"40":0,"41":0,"42":0,"43":0,"44":0,"45":0,"46":0,"47":0,"48":0,"49":0,"50":0},"f":{"0":0,"1":0,"2":0,"3":0,"4":0,"5":0,"6":0,"7":0,"8":0,"9":0,"10":0,"11":0,"12":0,"13":0,"14":0,"15":0},"b":{}}
,"/Users/raphaelbentvelzen/Library/Mobile Documents/com~apple~CloudDocs/Projet ArroW2/arrow/backend/src/intervenants/intervenants.module.ts": {"path":"/Users/raphaelbentvelzen/Library/Mobile Documents/com~apple~CloudDocs/Projet ArroW2/arrow/backend/src/intervenants/intervenants.module.ts","statementMap":{"0":{"start":{"line":1,"column":0},"end":{"line":1,"column":40}},"1":{"start":{"line":2,"column":0},"end":{"line":2,"column":50}},"2":{"start":{"line":3,"column":0},"end":{"line":3,"column":61}},"3":{"start":{"line":4,"column":0},"end":{"line":4,"column":67}},"4":{"start":{"line":5,"column":0},"end":{"line":5,"column":78}},"5":{"start":{"line":6,"column":0},"end":{"line":6,"column":55}},"6":{"start":{"line":19,"column":7},"end":{"line":19,"column":null}},"7":{"start":{"line":19,"column":13},"end":{"line":19,"column":31}},"8":{"start":{"line":19,"column":13},"end":{"line":19,"column":null}}},"fnMap":{},"branchMap":{},"s":{"0":0,"1":0,"2":0,"3":0,"4":0,"5":0,"6":0,"7":0,"8":0},"f":{},"b":{}}
,"/Users/raphaelbentvelzen/Library/Mobile Documents/com~apple~CloudDocs/Projet ArroW2/arrow/backend/src/intervenants/intervenants.service.ts": {"path":"/Users/raphaelbentvelzen/Library/Mobile Documents/com~apple~CloudDocs/Projet ArroW2/arrow/backend/src/intervenants/intervenants.service.ts","statementMap":{"0":{"start":{"line":3,"column":0},"end":{"line":3,"column":84}},"1":{"start":{"line":4,"column":0},"end":{"line":4,"column":47}},"2":{"start":{"line":5,"column":0},"end":{"line":5,"column":33}},"3":{"start":{"line":6,"column":0},"end":{"line":6,"column":59}},"4":{"start":{"line":8,"column":0},"end":{"line":8,"column":62}},"5":{"start":{"line":15,"column":7},"end":{"line":225,"column":null}},"6":{"start":{"line":17,"column":43},"end":{"line":17,"column":61}},"7":{"start":{"line":18,"column":21},"end":{"line":18,"column":34}},"8":{"start":{"line":23,"column":31},"end":{"line":23,"column":78}},"9":{"start":{"line":24,"column":4},"end":{"line":24,"column":37}},"10":{"start":{"line":28,"column":18},"end":{"line":28,"column":46}},"11":{"start":{"line":30,"column":4},"end":{"line":36,"column":5}},"12":{"start":{"line":31,"column":6},"end":{"line":35,"column":9}},"13":{"start":{"line":38,"column":4},"end":{"line":40,"column":5}},"14":{"start":{"line":39,"column":6},"end":{"line":39,"column":61}},"15":{"start":{"line":42,"column":4},"end":{"line":44,"column":5}},"16":{"start":{"line":43,"column":6},"end":{"line":43,"column":51}},"17":{"start":{"line":46,"column":4},"end":{"line":46,"column":24}},"18":{"start":{"line":50,"column":24},"end":{"line":50,"column":71}},"19":{"start":{"line":51,"column":4},"end":{"line":53,"column":5}},"20":{"start":{"line":52,"column":6},"end":{"line":52,"column":66}},"21":{"start":{"line":54,"column":4},"end":{"line":54,"column":23}},"22":{"start":{"line":58,"column":4},"end":{"line":58,"column":92}},"23":{"start":{"line":62,"column":19},"end":{"line":62,"column":76}},"24":{"start":{"line":63,"column":4},"end":{"line":65,"column":5}},"25":{"start":{"line":64,"column":6},"end":{"line":64,"column":66}},"26":{"start":{"line":70,"column":4},"end":{"line":72,"column":5}},"27":{"start":{"line":71,"column":6},"end":{"line":71,"column":56}},"28":{"start":{"line":74,"column":24},"end":{"line":74,"column":64}},"29":{"start":{"line":75,"column":4},"end":{"line":77,"column":5}},"30":{"start":{"line":76,"column":6},"end":{"line":76,"column":59}},"31":{"start":{"line":79,"column":21},"end":{"line":79,"column":54}},"32":{"start":{"line":81,"column":4},"end":{"line":85,"column":6}},"33":{"start":{"line":89,"column":25},"end":{"line":89,"column":27}},"34":{"start":{"line":91,"column":4},"end":{"line":93,"column":5}},"35":{"start":{"line":92,"column":6},"end":{"line":92,"column":86}},"36":{"start":{"line":94,"column":4},"end":{"line":96,"column":5}},"37":{"start":{"line":95,"column":6},"end":{"line":95,"column":108}},"38":{"start":{"line":97,"column":4},"end":{"line":99,"column":5}},"39":{"start":{"line":98,"column":6},"end":{"line":98,"column":88}},"40":{"start":{"line":100,"column":4},"end":{"line":102,"column":5}},"41":{"start":{"line":101,"column":6},"end":{"line":101,"column":90}},"42":{"start":{"line":103,"column":4},"end":{"line":105,"column":5}},"43":{"start":{"line":104,"column":6},"end":{"line":104,"column":103}},"44":{"start":{"line":107,"column":24},"end":{"line":110,"column":null}},"45":{"start":{"line":113,"column":4},"end":{"line":115,"column":5}},"46":{"start":{"line":114,"column":6},"end":{"line":114,"column":66}},"47":{"start":{"line":116,"column":4},"end":{"line":116,"column":23}},"48":{"start":{"line":121,"column":24},"end":{"line":121,"column":64}},"49":{"start":{"line":122,"column":4},"end":{"line":124,"column":5}},"50":{"start":{"line":123,"column":6},"end":{"line":123,"column":66}},"51":{"start":{"line":127,"column":4},"end":{"line":129,"column":5}},"52":{"start":{"line":128,"column":6},"end":{"line":128,"column":38}},"53":{"start":{"line":132,"column":29},"end":{"line":138,"column":13}},"54":{"start":{"line":140,"column":4},"end":{"line":140,"column":54}},"55":{"start":{"line":141,"column":4},"end":{"line":141,"column":36}},"56":{"start":{"line":145,"column":24},"end":{"line":145,"column":64}},"57":{"start":{"line":146,"column":4},"end":{"line":148,"column":5}},"58":{"start":{"line":147,"column":6},"end":{"line":147,"column":66}},"59":{"start":{"line":149,"column":4},"end":{"line":149,"column":44}},"60":{"start":{"line":153,"column":24},"end":{"line":153,"column":64}},"61":{"start":{"line":154,"column":4},"end":{"line":156,"column":5}},"62":{"start":{"line":155,"column":6},"end":{"line":155,"column":66}},"63":{"start":{"line":159,"column":34},"end":{"line":160,"column":null}},"64":{"start":{"line":160,"column":18},"end":{"line":160,"column":54}},"65":{"start":{"line":163,"column":4},"end":{"line":163,"column":55}},"66":{"start":{"line":164,"column":4},"end":{"line":164,"column":36}},"67":{"start":{"line":169,"column":24},"end":{"line":169,"column":64}},"68":{"start":{"line":170,"column":4},"end":{"line":172,"column":5}},"69":{"start":{"line":171,"column":6},"end":{"line":171,"column":66}},"70":{"start":{"line":174,"column":4},"end":{"line":176,"column":5}},"71":{"start":{"line":175,"column":6},"end":{"line":175,"column":35}},"72":{"start":{"line":178,"column":4},"end":{"line":178,"column":61}},"73":{"start":{"line":179,"column":4},"end":{"line":179,"column":36}},"74":{"start":{"line":183,"column":24},"end":{"line":183,"column":64}},"75":{"start":{"line":184,"column":4},"end":{"line":186,"column":5}},"76":{"start":{"line":185,"column":6},"end":{"line":185,"column":66}},"77":{"start":{"line":187,"column":4},"end":{"line":187,"column":41}},"78":{"start":{"line":192,"column":24},"end":{"line":192,"column":64}},"79":{"start":{"line":193,"column":4},"end":{"line":195,"column":5}},"80":{"start":{"line":194,"column":6},"end":{"line":194,"column":66}},"81":{"start":{"line":197,"column":4},"end":{"line":199,"column":5}},"82":{"start":{"line":198,"column":6},"end":{"line":198,"column":31}},"83":{"start":{"line":201,"column":4},"end":{"line":201,"column":53}},"84":{"start":{"line":202,"column":4},"end":{"line":202,"column":36}},"85":{"start":{"line":206,"column":24},"end":{"line":206,"column":64}},"86":{"start":{"line":207,"column":4},"end":{"line":209,"column":5}},"87":{"start":{"line":208,"column":6},"end":{"line":208,"column":66}},"88":{"start":{"line":210,"column":4},"end":{"line":210,"column":37}},"89":{"start":{"line":214,"column":24},"end":{"line":214,"column":64}},"90":{"start":{"line":215,"column":4},"end":{"line":217,"column":5}},"91":{"start":{"line":216,"column":6},"end":{"line":216,"column":66}},"92":{"start":{"line":219,"column":4},"end":{"line":221,"column":6}},"93":{"start":{"line":220,"column":18},"end":{"line":220,"column":47}},"94":{"start":{"line":223,"column":4},"end":{"line":223,"column":36}},"95":{"start":{"line":15,"column":13},"end":{"line":15,"column":32}},"96":{"start":{"line":15,"column":13},"end":{"line":225,"column":null}}},"fnMap":{"0":{"name":"(anonymous_4)","decl":{"start":{"line":16,"column":2},"end":{"line":16,"column":null}},"loc":{"start":{"line":18,"column":45},"end":{"line":19,"column":6}}},"1":{"name":"(anonymous_5)","decl":{"start":{"line":22,"column":2},"end":{"line":22,"column":7}},"loc":{"start":{"line":22,"column":57},"end":{"line":25,"column":3}}},"2":{"name":"(anonymous_6)","decl":{"start":{"line":27,"column":2},"end":{"line":27,"column":7}},"loc":{"start":{"line":27,"column":48},"end":{"line":47,"column":3}}},"3":{"name":"(anonymous_7)","decl":{"start":{"line":49,"column":2},"end":{"line":49,"column":7}},"loc":{"start":{"line":49,"column":26},"end":{"line":55,"column":3}}},"4":{"name":"(anonymous_8)","decl":{"start":{"line":57,"column":2},"end":{"line":57,"column":7}},"loc":{"start":{"line":57,"column":78},"end":{"line":59,"column":3}}},"5":{"name":"(anonymous_9)","decl":{"start":{"line":61,"column":2},"end":{"line":61,"column":7}},"loc":{"start":{"line":61,"column":25},"end":{"line":66,"column":3}}},"6":{"name":"(anonymous_10)","decl":{"start":{"line":69,"column":2},"end":{"line":69,"column":7}},"loc":{"start":{"line":69,"column":57},"end":{"line":86,"column":3}}},"7":{"name":"(anonymous_11)","decl":{"start":{"line":88,"column":2},"end":{"line":88,"column":7}},"loc":{"start":{"line":88,"column":46},"end":{"line":117,"column":3}}},"8":{"name":"(anonymous_12)","decl":{"start":{"line":120,"column":2},"end":{"line":120,"column":7}},"loc":{"start":{"line":120,"column":83},"end":{"line":142,"column":3}}},"9":{"name":"(anonymous_13)","decl":{"start":{"line":144,"column":2},"end":{"line":144,"column":7}},"loc":{"start":{"line":144,"column":36},"end":{"line":150,"column":3}}},"10":{"name":"(anonymous_14)","decl":{"start":{"line":152,"column":2},"end":{"line":152,"column":7}},"loc":{"start":{"line":152,"column":63},"end":{"line":165,"column":3}}},"11":{"name":"(anonymous_15)","decl":{"start":{"line":160,"column":6},"end":{"line":160,"column":7}},"loc":{"start":{"line":160,"column":18},"end":{"line":160,"column":54}}},"12":{"name":"(anonymous_16)","decl":{"start":{"line":168,"column":2},"end":{"line":168,"column":7}},"loc":{"start":{"line":168,"column":74},"end":{"line":180,"column":3}}},"13":{"name":"(anonymous_17)","decl":{"start":{"line":182,"column":2},"end":{"line":182,"column":7}},"loc":{"start":{"line":182,"column":33},"end":{"line":188,"column":3}}},"14":{"name":"(anonymous_18)","decl":{"start":{"line":191,"column":2},"end":{"line":191,"column":7}},"loc":{"start":{"line":191,"column":62},"end":{"line":203,"column":3}}},"15":{"name":"(anonymous_19)","decl":{"start":{"line":205,"column":2},"end":{"line":205,"column":7}},"loc":{"start":{"line":205,"column":29},"end":{"line":211,"column":3}}},"16":{"name":"(anonymous_20)","decl":{"start":{"line":213,"column":2},"end":{"line":213,"column":7}},"loc":{"start":{"line":213,"column":49},"end":{"line":224,"column":3}}},"17":{"name":"(anonymous_21)","decl":{"start":{"line":220,"column":6},"end":{"line":220,"column":7}},"loc":{"start":{"line":220,"column":18},"end":{"line":220,"column":47}}}},"branchMap":{"0":{"loc":{"start":{"line":30,"column":4},"end":{"line":36,"column":5}},"type":"if","locations":[{"start":{"line":30,"column":4},"end":{"line":36,"column":5}}]},"1":{"loc":{"start":{"line":38,"column":4},"end":{"line":40,"column":5}},"type":"if","locations":[{"start":{"line":38,"column":4},"end":{"line":40,"column":5}}]},"2":{"loc":{"start":{"line":42,"column":4},"end":{"line":44,"column":5}},"type":"if","locations":[{"start":{"line":42,"column":4},"end":{"line":44,"column":5}}]},"3":{"loc":{"start":{"line":51,"column":4},"end":{"line":53,"column":5}},"type":"if","locations":[{"start":{"line":51,"column":4},"end":{"line":53,"column":5}}]},"4":{"loc":{"start":{"line":63,"column":4},"end":{"line":65,"column":5}},"type":"if","locations":[{"start":{"line":63,"column":4},"end":{"line":65,"column":5}}]},"5":{"loc":{"start":{"line":70,"column":4},"end":{"line":72,"column":5}},"type":"if","locations":[{"start":{"line":70,"column":4},"end":{"line":72,"column":5}}]},"6":{"loc":{"start":{"line":75,"column":4},"end":{"line":77,"column":5}},"type":"if","locations":[{"start":{"line":75,"column":4},"end":{"line":77,"column":5}}]},"7":{"loc":{"start":{"line":91,"column":4},"end":{"line":93,"column":5}},"type":"if","locations":[{"start":{"line":91,"column":4},"end":{"line":93,"column":5}}]},"8":{"loc":{"start":{"line":94,"column":4},"end":{"line":96,"column":5}},"type":"if","locations":[{"start":{"line":94,"column":4},"end":{"line":96,"column":5}}]},"9":{"loc":{"start":{"line":97,"column":4},"end":{"line":99,"column":5}},"type":"if","locations":[{"start":{"line":97,"column":4},"end":{"line":99,"column":5}}]},"10":{"loc":{"start":{"line":100,"column":4},"end":{"line":102,"column":5}},"type":"if","locations":[{"start":{"line":100,"column":4},"end":{"line":102,"column":5}}]},"11":{"loc":{"start":{"line":103,"column":4},"end":{"line":105,"column":5}},"type":"if","locations":[{"start":{"line":103,"column":4},"end":{"line":105,"column":5}}]},"12":{"loc":{"start":{"line":113,"column":4},"end":{"line":115,"column":5}},"type":"if","locations":[{"start":{"line":113,"column":4},"end":{"line":115,"column":5}}]},"13":{"loc":{"start":{"line":122,"column":4},"end":{"line":124,"column":5}},"type":"if","locations":[{"start":{"line":122,"column":4},"end":{"line":124,"column":5}}]},"14":{"loc":{"start":{"line":127,"column":4},"end":{"line":129,"column":5}},"type":"if","locations":[{"start":{"line":127,"column":4},"end":{"line":129,"column":5}}]},"15":{"loc":{"start":{"line":136,"column":18},"end":{"line":136,"column":59}},"type":"binary-expr","locations":[{"start":{"line":136,"column":18},"end":{"line":136,"column":51}},{"start":{"line":136,"column":55},"end":{"line":136,"column":59}}]},"16":{"loc":{"start":{"line":146,"column":4},"end":{"line":148,"column":5}},"type":"if","locations":[{"start":{"line":146,"column":4},"end":{"line":148,"column":5}}]},"17":{"loc":{"start":{"line":149,"column":11},"end":{"line":149,"column":43}},"type":"binary-expr","locations":[{"start":{"line":149,"column":11},"end":{"line":149,"column":37}},{"start":{"line":149,"column":41},"end":{"line":149,"column":43}}]},"18":{"loc":{"start":{"line":154,"column":4},"end":{"line":156,"column":5}},"type":"if","locations":[{"start":{"line":154,"column":4},"end":{"line":156,"column":5}}]},"19":{"loc":{"start":{"line":170,"column":4},"end":{"line":172,"column":5}},"type":"if","locations":[{"start":{"line":170,"column":4},"end":{"line":172,"column":5}}]},"20":{"loc":{"start":{"line":174,"column":4},"end":{"line":176,"column":5}},"type":"if","locations":[{"start":{"line":174,"column":4},"end":{"line":176,"column":5}}]},"21":{"loc":{"start":{"line":184,"column":4},"end":{"line":186,"column":5}},"type":"if","locations":[{"start":{"line":184,"column":4},"end":{"line":186,"column":5}}]},"22":{"loc":{"start":{"line":187,"column":11},"end":{"line":187,"column":40}},"type":"binary-expr","locations":[{"start":{"line":187,"column":11},"end":{"line":187,"column":34}},{"start":{"line":187,"column":38},"end":{"line":187,"column":40}}]},"23":{"loc":{"start":{"line":193,"column":4},"end":{"line":195,"column":5}},"type":"if","locations":[{"start":{"line":193,"column":4},"end":{"line":195,"column":5}}]},"24":{"loc":{"start":{"line":197,"column":4},"end":{"line":199,"column":5}},"type":"if","locations":[{"start":{"line":197,"column":4},"end":{"line":199,"column":5}}]},"25":{"loc":{"start":{"line":207,"column":4},"end":{"line":209,"column":5}},"type":"if","locations":[{"start":{"line":207,"column":4},"end":{"line":209,"column":5}}]},"26":{"loc":{"start":{"line":210,"column":11},"end":{"line":210,"column":36}},"type":"binary-expr","locations":[{"start":{"line":210,"column":11},"end":{"line":210,"column":30}},{"start":{"line":210,"column":34},"end":{"line":210,"column":36}}]},"27":{"loc":{"start":{"line":215,"column":4},"end":{"line":217,"column":5}},"type":"if","locations":[{"start":{"line":215,"column":4},"end":{"line":217,"column":5}}]}},"s":{"0":0,"1":0,"2":0,"3":0,"4":0,"5":0,"6":0,"7":0,"8":0,"9":0,"10":0,"11":0,"12":0,"13":0,"14":0,"15":0,"16":0,"17":0,"18":0,"19":0,"20":0,"21":0,"22":0,"23":0,"24":0,"25":0,"26":0,"27":0,"28":0,"29":0,"30":0,"31":0,"32":0,"33":0,"34":0,"35":0,"36":0,"37":0,"38":0,"39":0,"40":0,"41":0,"42":0,"43":0,"44":0,"45":0,"46":0,"47":0,"48":0,"49":0,"50":0,"51":0,"52":0,"53":0,"54":0,"55":0,"56":0,"57":0,"58":0,"59":0,"60":0,"61":0,"62":0,"63":0,"64":0,"65":0,"66":0,"67":0,"68":0,"69":0,"70":0,"71":0,"72":0,"73":0,"74":0,"75":0,"76":0,"77":0,"78":0,"79":0,"80":0,"81":0,"82":0,"83":0,"84":0,"85":0,"86":0,"87":0,"88":0,"89":0,"90":0,"91":0,"92":0,"93":0,"94":0,"95":0,"96":0},"f":{"0":0,"1":0,"2":0,"3":0,"4":0,"5":0,"6":0,"7":0,"8":0,"9":0,"10":0,"11":0,"12":0,"13":0,"14":0,"15":0,"16":0,"17":0},"b":{"0":[0],"1":[0],"2":[0],"3":[0],"4":[0],"5":[0],"6":[0],"7":[0],"8":[0],"9":[0],"10":[0],"11":[0],"12":[0],"13":[0],"14":[0],"15":[0,0],"16":[0],"17":[0,0],"18":[0],"19":[0],"20":[0],"21":[0],"22":[0,0],"23":[0],"24":[0],"25":[0],"26":[0,0],"27":[0]}}
,"/Users/raphaelbentvelzen/Library/Mobile Documents/com~apple~CloudDocs/Projet ArroW2/arrow/backend/src/intervenants/dto/create-disponibilite.dto.ts": {"path":"/Users/raphaelbentvelzen/Library/Mobile Documents/com~apple~CloudDocs/Projet ArroW2/arrow/backend/src/intervenants/dto/create-disponibilite.dto.ts","statementMap":{"0":{"start":{"line":1,"column":0},"end":{"line":1,"column":82}},"1":{"start":{"line":2,"column":0},"end":{"line":2,"column":41}},"2":{"start":{"line":4,"column":0},"end":{"line":4,"column":13}},"3":{"start":{"line":7,"column":2},"end":{"line":7,"column":null}},"4":{"start":{"line":6,"column":14},"end":{"line":6,"column":18}},"5":{"start":{"line":11,"column":2},"end":{"line":11,"column":null}},"6":{"start":{"line":10,"column":14},"end":{"line":10,"column":18}},"7":{"start":{"line":14,"column":2},"end":{"line":14,"column":null}},"8":{"start":{"line":18,"column":2},"end":{"line":18,"column":null}},"9":{"start":{"line":22,"column":2},"end":{"line":22,"column":null}}},"fnMap":{"0":{"name":"(anonymous_2)","decl":{"start":{"line":6,"column":8},"end":{"line":6,"column":11}},"loc":{"start":{"line":6,"column":14},"end":{"line":6,"column":18}}},"1":{"name":"(anonymous_3)","decl":{"start":{"line":10,"column":8},"end":{"line":10,"column":11}},"loc":{"start":{"line":10,"column":14},"end":{"line":10,"column":18}}}},"branchMap":{},"s":{"0":0,"1":0,"2":0,"3":0,"4":0,"5":0,"6":0,"7":0,"8":0,"9":0},"f":{"0":0,"1":0},"b":{}}
,"/Users/raphaelbentvelzen/Library/Mobile Documents/com~apple~CloudDocs/Projet ArroW2/arrow/backend/src/intervenants/dto/create-evaluation.dto.ts": {"path":"/Users/raphaelbentvelzen/Library/Mobile Documents/com~apple~CloudDocs/Projet ArroW2/arrow/backend/src/intervenants/dto/create-evaluation.dto.ts","statementMap":{"0":{"start":{"line":1,"column":0},"end":{"line":1,"column":63}},"1":{"start":{"line":3,"column":0},"end":{"line":3,"column":13}},"2":{"start":{"line":7,"column":2},"end":{"line":7,"column":null}},"3":{"start":{"line":10,"column":2},"end":{"line":10,"column":null}},"4":{"start":{"line":13,"column":2},"end":{"line":13,"column":null}},"5":{"start":{"line":16,"column":2},"end":{"line":16,"column":null}}},"fnMap":{},"branchMap":{},"s":{"0":0,"1":0,"2":0,"3":0,"4":0,"5":0},"f":{},"b":{}}
,"/Users/raphaelbentvelzen/Library/Mobile Documents/com~apple~CloudDocs/Projet ArroW2/arrow/backend/src/intervenants/dto/create-intervenant.dto.ts": {"path":"/Users/raphaelbentvelzen/Library/Mobile Documents/com~apple~CloudDocs/Projet ArroW2/arrow/backend/src/intervenants/dto/create-intervenant.dto.ts","statementMap":{"0":{"start":{"line":3,"column":0},"end":{"line":3,"column":126}},"1":{"start":{"line":4,"column":0},"end":{"line":4,"column":41}},"2":{"start":{"line":9,"column":2},"end":{"line":9,"column":null}},"3":{"start":{"line":12,"column":2},"end":{"line":12,"column":null}},"4":{"start":{"line":15,"column":2},"end":{"line":15,"column":null}},"5":{"start":{"line":18,"column":2},"end":{"line":18,"column":null}},"6":{"start":{"line":23,"column":2},"end":{"line":23,"column":null}},"7":{"start":{"line":26,"column":2},"end":{"line":26,"column":null}},"8":{"start":{"line":30,"column":2},"end":{"line":30,"column":null}},"9":{"start":{"line":29,"column":14},"end":{"line":29,"column":18}},"10":{"start":{"line":35,"column":2},"end":{"line":35,"column":null}},"11":{"start":{"line":33,"column":14},"end":{"line":33,"column":18}},"12":{"start":{"line":38,"column":2},"end":{"line":38,"column":null}},"13":{"start":{"line":43,"column":2},"end":{"line":43,"column":null}},"14":{"start":{"line":46,"column":2},"end":{"line":46,"column":null}},"15":{"start":{"line":49,"column":2},"end":{"line":49,"column":null}},"16":{"start":{"line":54,"column":2},"end":{"line":54,"column":null}},"17":{"start":{"line":57,"column":2},"end":{"line":57,"column":null}},"18":{"start":{"line":62,"column":2},"end":{"line":62,"column":null}},"19":{"start":{"line":65,"column":2},"end":{"line":65,"column":null}},"20":{"start":{"line":68,"column":2},"end":{"line":68,"column":null}},"21":{"start":{"line":72,"column":2},"end":{"line":72,"column":null}},"22":{"start":{"line":164,"column":2},"end":{"line":164,"column":25}},"23":{"start":{"line":75,"column":0},"end":{"line":75,"column":13}},"24":{"start":{"line":78,"column":2},"end":{"line":78,"column":null}},"25":{"start":{"line":81,"column":2},"end":{"line":81,"column":null}},"26":{"start":{"line":84,"column":2},"end":{"line":84,"column":null}},"27":{"start":{"line":88,"column":2},"end":{"line":88,"column":null}},"28":{"start":{"line":93,"column":2},"end":{"line":93,"column":null}},"29":{"start":{"line":91,"column":14},"end":{"line":91,"column":24}},"30":{"start":{"line":98,"column":2},"end":{"line":98,"column":null}},"31":{"start":{"line":96,"column":14},"end":{"line":96,"column":18}},"32":{"start":{"line":103,"column":2},"end":{"line":103,"column":null}},"33":{"start":{"line":106,"column":2},"end":{"line":106,"column":null}},"34":{"start":{"line":112,"column":2},"end":{"line":112,"column":null}},"35":{"start":{"line":110,"column":14},"end":{"line":110,"column":30}},"36":{"start":{"line":117,"column":2},"end":{"line":117,"column":null}},"37":{"start":{"line":123,"column":2},"end":{"line":123,"column":null}},"38":{"start":{"line":121,"column":14},"end":{"line":121,"column":37}},"39":{"start":{"line":127,"column":2},"end":{"line":127,"column":null}},"40":{"start":{"line":131,"column":2},"end":{"line":131,"column":null}},"41":{"start":{"line":130,"column":14},"end":{"line":130,"column":18}},"42":{"start":{"line":136,"column":2},"end":{"line":136,"column":null}},"43":{"start":{"line":134,"column":14},"end":{"line":134,"column":18}},"44":{"start":{"line":140,"column":2},"end":{"line":140,"column":null}},"45":{"start":{"line":139,"column":14},"end":{"line":139,"column":29}},"46":{"start":{"line":144,"column":2},"end":{"line":144,"column":null}},"47":{"start":{"line":150,"column":2},"end":{"line":150,"column":null}},"48":{"start":{"line":149,"column":14},"end":{"line":149,"column":23}},"49":{"start":{"line":155,"column":2},"end":{"line":155,"column":null}},"50":{"start":{"line":160,"column":2},"end":{"line":160,"column":null}},"51":{"start":{"line":164,"column":2},"end":{"line":164,"column":null}},"52":{"start":{"line":168,"column":2},"end":{"line":168,"column":null}}},"fnMap":{"0":{"name":"(anonymous_2)","decl":{"start":{"line":29,"column":8},"end":{"line":29,"column":11}},"loc":{"start":{"line":29,"column":14},"end":{"line":29,"column":18}}},"1":{"name":"(anonymous_3)","decl":{"start":{"line":33,"column":8},"end":{"line":33,"column":11}},"loc":{"start":{"line":33,"column":14},"end":{"line":33,"column":18}}},"2":{"name":"(anonymous_4)","decl":{"start":{"line":75,"column":0},"end":{"line":75,"column":13}},"loc":{"start":{"line":75,"column":0},"end":{"line":169,"column":1}}},"3":{"name":"(anonymous_5)","decl":{"start":{"line":91,"column":8},"end":{"line":91,"column":11}},"loc":{"start":{"line":91,"column":14},"end":{"line":91,"column":24}}},"4":{"name":"(anonymous_6)","decl":{"start":{"line":96,"column":8},"end":{"line":96,"column":11}},"loc":{"start":{"line":96,"column":14},"end":{"line":96,"column":18}}},"5":{"name":"(anonymous_7)","decl":{"start":{"line":110,"column":8},"end":{"line":110,"column":11}},"loc":{"start":{"line":110,"column":14},"end":{"line":110,"column":30}}},"6":{"name":"(anonymous_8)","decl":{"start":{"line":121,"column":8},"end":{"line":121,"column":11}},"loc":{"start":{"line":121,"column":14},"end":{"line":121,"column":37}}},"7":{"name":"(anonymous_9)","decl":{"start":{"line":130,"column":8},"end":{"line":130,"column":11}},"loc":{"start":{"line":130,"column":14},"end":{"line":130,"column":18}}},"8":{"name":"(anonymous_10)","decl":{"start":{"line":134,"column":8},"end":{"line":134,"column":11}},"loc":{"start":{"line":134,"column":14},"end":{"line":134,"column":18}}},"9":{"name":"(anonymous_11)","decl":{"start":{"line":139,"column":8},"end":{"line":139,"column":11}},"loc":{"start":{"line":139,"column":14},"end":{"line":139,"column":29}}},"10":{"name":"(anonymous_12)","decl":{"start":{"line":149,"column":8},"end":{"line":149,"column":11}},"loc":{"start":{"line":149,"column":14},"end":{"line":149,"column":23}}}},"branchMap":{},"s":{"0":0,"1":0,"2":0,"3":0,"4":0,"5":0,"6":0,"7":0,"8":0,"9":0,"10":0,"11":0,"12":0,"13":0,"14":0,"15":0,"16":0,"17":0,"18":0,"19":0,"20":0,"21":0,"22":0,"23":0,"24":0,"25":0,"26":0,"27":0,"28":0,"29":0,"30":0,"31":0,"32":0,"33":0,"34":0,"35":0,"36":0,"37":0,"38":0,"39":0,"40":0,"41":0,"42":0,"43":0,"44":0,"45":0,"46":0,"47":0,"48":0,"49":0,"50":0,"51":0,"52":0},"f":{"0":0,"1":0,"2":0,"3":0,"4":0,"5":0,"6":0,"7":0,"8":0,"9":0,"10":0},"b":{}}
,"/Users/raphaelbentvelzen/Library/Mobile Documents/com~apple~CloudDocs/Projet ArroW2/arrow/backend/src/intervenants/dto/create-module.dto.ts": {"path":"/Users/raphaelbentvelzen/Library/Mobile Documents/com~apple~CloudDocs/Projet ArroW2/arrow/backend/src/intervenants/dto/create-module.dto.ts","statementMap":{"0":{"start":{"line":1,"column":0},"end":{"line":1,"column":84}},"1":{"start":{"line":2,"column":0},"end":{"line":2,"column":41}},"2":{"start":{"line":4,"column":0},"end":{"line":4,"column":13}},"3":{"start":{"line":6,"column":2},"end":{"line":6,"column":null}},"4":{"start":{"line":9,"column":2},"end":{"line":9,"column":null}},"5":{"start":{"line":12,"column":2},"end":{"line":12,"column":null}},"6":{"start":{"line":17,"column":2},"end":{"line":17,"column":null}},"7":{"start":{"line":16,"column":14},"end":{"line":16,"column":18}},"8":{"start":{"line":22,"column":2},"end":{"line":22,"column":null}},"9":{"start":{"line":21,"column":14},"end":{"line":21,"column":18}},"10":{"start":{"line":26,"column":2},"end":{"line":26,"column":null}}},"fnMap":{"0":{"name":"(anonymous_2)","decl":{"start":{"line":16,"column":8},"end":{"line":16,"column":11}},"loc":{"start":{"line":16,"column":14},"end":{"line":16,"column":18}}},"1":{"name":"(anonymous_3)","decl":{"start":{"line":21,"column":8},"end":{"line":21,"column":11}},"loc":{"start":{"line":21,"column":14},"end":{"line":21,"column":18}}}},"branchMap":{},"s":{"0":0,"1":0,"2":0,"3":0,"4":0,"5":0,"6":0,"7":0,"8":0,"9":0,"10":0},"f":{"0":0,"1":0},"b":{}}
,"/Users/raphaelbentvelzen/Library/Mobile Documents/com~apple~CloudDocs/Projet ArroW2/arrow/backend/src/intervenants/dto/filter-intervenant.dto.ts": {"path":"/Users/raphaelbentvelzen/Library/Mobile Documents/com~apple~CloudDocs/Projet ArroW2/arrow/backend/src/intervenants/dto/filter-intervenant.dto.ts","statementMap":{"0":{"start":{"line":1,"column":0},"end":{"line":1,"column":66}},"1":{"start":{"line":3,"column":0},"end":{"line":3,"column":13}},"2":{"start":{"line":6,"column":2},"end":{"line":6,"column":null}},"3":{"start":{"line":10,"column":2},"end":{"line":10,"column":null}},"4":{"start":{"line":14,"column":2},"end":{"line":14,"column":null}}},"fnMap":{},"branchMap":{},"s":{"0":0,"1":0,"2":0,"3":0,"4":0},"f":{},"b":{}}
,"/Users/raphaelbentvelzen/Library/Mobile Documents/com~apple~CloudDocs/Projet ArroW2/arrow/backend/src/intervenants/dto/update-intervenant.dto.ts": {"path":"/Users/raphaelbentvelzen/Library/Mobile Documents/com~apple~CloudDocs/Projet ArroW2/arrow/backend/src/intervenants/dto/update-intervenant.dto.ts","statementMap":{"0":{"start":{"line":1,"column":0},"end":{"line":1,"column":51}},"1":{"start":{"line":2,"column":0},"end":{"line":2,"column":117}},"2":{"start":{"line":3,"column":0},"end":{"line":3,"column":41}},"3":{"start":{"line":4,"column":0},"end":{"line":4,"column":64}},"4":{"start":{"line":9,"column":2},"end":{"line":9,"column":null}},"5":{"start":{"line":12,"column":2},"end":{"line":12,"column":null}},"6":{"start":{"line":17,"column":2},"end":{"line":17,"column":null}},"7":{"start":{"line":20,"column":2},"end":{"line":20,"column":null}},"8":{"start":{"line":24,"column":2},"end":{"line":24,"column":null}},"9":{"start":{"line":23,"column":14},"end":{"line":23,"column":18}},"10":{"start":{"line":29,"column":2},"end":{"line":29,"column":null}},"11":{"start":{"line":28,"column":14},"end":{"line":28,"column":18}},"12":{"start":{"line":32,"column":2},"end":{"line":32,"column":null}},"13":{"start":{"line":37,"column":2},"end":{"line":37,"column":null}},"14":{"start":{"line":40,"column":2},"end":{"line":40,"column":null}},"15":{"start":{"line":43,"column":2},"end":{"line":43,"column":null}},"16":{"start":{"line":47,"column":0},"end":{"line":47,"column":13}},"17":{"start":{"line":50,"column":2},"end":{"line":50,"column":null}},"18":{"start":{"line":54,"column":2},"end":{"line":54,"column":null}},"19":{"start":{"line":59,"column":2},"end":{"line":59,"column":null}},"20":{"start":{"line":58,"column":14},"end":{"line":58,"column":29}},"21":{"start":{"line":65,"column":2},"end":{"line":65,"column":null}},"22":{"start":{"line":64,"column":14},"end":{"line":64,"column":27}},"23":{"start":{"line":71,"column":2},"end":{"line":71,"column":null}},"24":{"start":{"line":70,"column":14},"end":{"line":70,"column":23}}},"fnMap":{"0":{"name":"(anonymous_2)","decl":{"start":{"line":23,"column":8},"end":{"line":23,"column":11}},"loc":{"start":{"line":23,"column":14},"end":{"line":23,"column":18}}},"1":{"name":"(anonymous_3)","decl":{"start":{"line":28,"column":8},"end":{"line":28,"column":11}},"loc":{"start":{"line":28,"column":14},"end":{"line":28,"column":18}}},"2":{"name":"(anonymous_4)","decl":{"start":{"line":58,"column":8},"end":{"line":58,"column":11}},"loc":{"start":{"line":58,"column":14},"end":{"line":58,"column":29}}},"3":{"name":"(anonymous_5)","decl":{"start":{"line":64,"column":8},"end":{"line":64,"column":11}},"loc":{"start":{"line":64,"column":14},"end":{"line":64,"column":27}}},"4":{"name":"(anonymous_6)","decl":{"start":{"line":70,"column":8},"end":{"line":70,"column":11}},"loc":{"start":{"line":70,"column":14},"end":{"line":70,"column":23}}}},"branchMap":{},"s":{"0":0,"1":0,"2":0,"3":0,"4":0,"5":0,"6":0,"7":0,"8":0,"9":0,"10":0,"11":0,"12":0,"13":0,"14":0,"15":0,"16":0,"17":0,"18":0,"19":0,"20":0,"21":0,"22":0,"23":0,"24":0},"f":{"0":0,"1":0,"2":0,"3":0,"4":0},"b":{}}
,"/Users/raphaelbentvelzen/Library/Mobile Documents/com~apple~CloudDocs/Projet ArroW2/arrow/backend/src/intervenants/schemas/disponibilite.schema.ts": {"path":"/Users/raphaelbentvelzen/Library/Mobile Documents/com~apple~CloudDocs/Projet ArroW2/arrow/backend/src/intervenants/schemas/disponibilite.schema.ts","statementMap":{"0":{"start":{"line":1,"column":0},"end":{"line":1,"column":63}},"1":{"start":{"line":2,"column":0},"end":{"line":2,"column":36}},"2":{"start":{"line":5,"column":7},"end":{"line":20,"column":null}},"3":{"start":{"line":5,"column":13},"end":{"line":5,"column":26}},"4":{"start":{"line":7,"column":2},"end":{"line":7,"column":null}},"5":{"start":{"line":10,"column":2},"end":{"line":10,"column":null}},"6":{"start":{"line":13,"column":2},"end":{"line":13,"column":null}},"7":{"start":{"line":16,"column":2},"end":{"line":16,"column":null}},"8":{"start":{"line":19,"column":2},"end":{"line":19,"column":null}},"9":{"start":{"line":5,"column":13},"end":{"line":20,"column":null}},"10":{"start":{"line":22,"column":13},"end":{"line":22,"column":79}}},"fnMap":{},"branchMap":{},"s":{"0":0,"1":0,"2":0,"3":0,"4":0,"5":0,"6":0,"7":0,"8":0,"9":0,"10":0},"f":{},"b":{}}
,"/Users/raphaelbentvelzen/Library/Mobile Documents/com~apple~CloudDocs/Projet ArroW2/arrow/backend/src/intervenants/schemas/evaluation.schema.ts": {"path":"/Users/raphaelbentvelzen/Library/Mobile Documents/com~apple~CloudDocs/Projet ArroW2/arrow/backend/src/intervenants/schemas/evaluation.schema.ts","statementMap":{"0":{"start":{"line":1,"column":0},"end":{"line":1,"column":63}},"1":{"start":{"line":2,"column":0},"end":{"line":2,"column":36}},"2":{"start":{"line":5,"column":7},"end":{"line":20,"column":null}},"3":{"start":{"line":5,"column":13},"end":{"line":5,"column":23}},"4":{"start":{"line":7,"column":2},"end":{"line":7,"column":null}},"5":{"start":{"line":10,"column":2},"end":{"line":10,"column":null}},"6":{"start":{"line":13,"column":2},"end":{"line":13,"column":null}},"7":{"start":{"line":16,"column":2},"end":{"line":16,"column":null}},"8":{"start":{"line":19,"column":2},"end":{"line":19,"column":null}},"9":{"start":{"line":5,"column":13},"end":{"line":20,"column":null}},"10":{"start":{"line":22,"column":13},"end":{"line":22,"column":73}}},"fnMap":{},"branchMap":{},"s":{"0":0,"1":0,"2":0,"3":0,"4":0,"5":0,"6":0,"7":0,"8":0,"9":0,"10":0},"f":{},"b":{}}
,"/Users/raphaelbentvelzen/Library/Mobile Documents/com~apple~CloudDocs/Projet ArroW2/arrow/backend/src/intervenants/schemas/intervenant.schema.ts": {"path":"/Users/raphaelbentvelzen/Library/Mobile Documents/com~apple~CloudDocs/Projet ArroW2/arrow/backend/src/intervenants/schemas/intervenant.schema.ts","statementMap":{"0":{"start":{"line":3,"column":0},"end":{"line":3,"column":63}},"1":{"start":{"line":4,"column":0},"end":{"line":4,"column":36}},"2":{"start":{"line":5,"column":0},"end":{"line":5,"column":76}},"3":{"start":{"line":10,"column":2},"end":{"line":10,"column":null}},"4":{"start":{"line":13,"column":2},"end":{"line":13,"column":null}},"5":{"start":{"line":16,"column":2},"end":{"line":16,"column":null}},"6":{"start":{"line":19,"column":2},"end":{"line":19,"column":null}},"7":{"start":{"line":24,"column":2},"end":{"line":24,"column":null}},"8":{"start":{"line":27,"column":2},"end":{"line":27,"column":null}},"9":{"start":{"line":30,"column":2},"end":{"line":30,"column":null}},"10":{"start":{"line":33,"column":2},"end":{"line":33,"column":null}},"11":{"start":{"line":36,"column":2},"end":{"line":36,"column":null}},"12":{"start":{"line":41,"column":2},"end":{"line":41,"column":null}},"13":{"start":{"line":44,"column":2},"end":{"line":44,"column":null}},"14":{"start":{"line":47,"column":2},"end":{"line":47,"column":null}},"15":{"start":{"line":50,"column":2},"end":{"line":50,"column":null}},"16":{"start":{"line":55,"column":2},"end":{"line":55,"column":null}},"17":{"start":{"line":58,"column":2},"end":{"line":58,"column":null}},"18":{"start":{"line":63,"column":2},"end":{"line":63,"column":null}},"19":{"start":{"line":66,"column":2},"end":{"line":66,"column":null}},"20":{"start":{"line":69,"column":2},"end":{"line":69,"column":null}},"21":{"start":{"line":72,"column":2},"end":{"line":72,"column":null}},"22":{"start":{"line":75,"column":2},"end":{"line":75,"column":null}},"23":{"start":{"line":80,"column":2},"end":{"line":80,"column":null}},"24":{"start":{"line":83,"column":2},"end":{"line":83,"column":null}},"25":{"start":{"line":86,"column":2},"end":{"line":86,"column":null}},"26":{"start":{"line":89,"column":2},"end":{"line":89,"column":null}},"27":{"start":{"line":93,"column":7},"end":{"line":180,"column":null}},"28":{"start":{"line":93,"column":13},"end":{"line":93,"column":24}},"29":{"start":{"line":95,"column":2},"end":{"line":95,"column":null}},"30":{"start":{"line":98,"column":2},"end":{"line":98,"column":null}},"31":{"start":{"line":101,"column":2},"end":{"line":101,"column":null}},"32":{"start":{"line":104,"column":2},"end":{"line":104,"column":null}},"33":{"start":{"line":107,"column":2},"end":{"line":107,"column":null}},"34":{"start":{"line":110,"column":2},"end":{"line":110,"column":null}},"35":{"start":{"line":113,"column":2},"end":{"line":113,"column":null}},"36":{"start":{"line":116,"column":2},"end":{"line":116,"column":null}},"37":{"start":{"line":119,"column":2},"end":{"line":119,"column":null}},"38":{"start":{"line":122,"column":2},"end":{"line":122,"column":null}},"39":{"start":{"line":125,"column":2},"end":{"line":125,"column":null}},"40":{"start":{"line":128,"column":2},"end":{"line":128,"column":null}},"41":{"start":{"line":131,"column":2},"end":{"line":131,"column":null}},"42":{"start":{"line":134,"column":2},"end":{"line":134,"column":null}},"43":{"start":{"line":137,"column":2},"end":{"line":137,"column":null}},"44":{"start":{"line":140,"column":2},"end":{"line":140,"column":null}},"45":{"start":{"line":143,"column":2},"end":{"line":143,"column":null}},"46":{"start":{"line":146,"column":2},"end":{"line":146,"column":null}},"47":{"start":{"line":149,"column":2},"end":{"line":149,"column":null}},"48":{"start":{"line":152,"column":2},"end":{"line":152,"column":null}},"49":{"start":{"line":155,"column":2},"end":{"line":155,"column":null}},"50":{"start":{"line":158,"column":2},"end":{"line":158,"column":null}},"51":{"start":{"line":161,"column":2},"end":{"line":161,"column":null}},"52":{"start":{"line":164,"column":2},"end":{"line":164,"column":null}},"53":{"start":{"line":167,"column":2},"end":{"line":167,"column":null}},"54":{"start":{"line":170,"column":2},"end":{"line":170,"column":null}},"55":{"start":{"line":173,"column":2},"end":{"line":173,"column":null}},"56":{"start":{"line":176,"column":2},"end":{"line":176,"column":null}},"57":{"start":{"line":179,"column":2},"end":{"line":179,"column":null}},"58":{"start":{"line":93,"column":13},"end":{"line":180,"column":null}},"59":{"start":{"line":182,"column":13},"end":{"line":182,"column":75}}},"fnMap":{},"branchMap":{},"s":{"0":0,"1":0,"2":0,"3":0,"4":0,"5":0,"6":0,"7":0,"8":0,"9":0,"10":0,"11":0,"12":0,"13":0,"14":0,"15":0,"16":0,"17":0,"18":0,"19":0,"20":0,"21":0,"22":0,"23":0,"24":0,"25":0,"26":0,"27":0,"28":0,"29":0,"30":0,"31":0,"32":0,"33":0,"34":0,"35":0,"36":0,"37":0,"38":0,"39":0,"40":0,"41":0,"42":0,"43":0,"44":0,"45":0,"46":0,"47":0,"48":0,"49":0,"50":0,"51":0,"52":0,"53":0,"54":0,"55":0,"56":0,"57":0,"58":0,"59":0},"f":{},"b":{}}
,"/Users/raphaelbentvelzen/Library/Mobile Documents/com~apple~CloudDocs/Projet ArroW2/arrow/backend/src/intervenants/schemas/module.schema.ts": {"path":"/Users/raphaelbentvelzen/Library/Mobile Documents/com~apple~CloudDocs/Projet ArroW2/arrow/backend/src/intervenants/schemas/module.schema.ts","statementMap":{"0":{"start":{"line":1,"column":0},"end":{"line":1,"column":63}},"1":{"start":{"line":2,"column":0},"end":{"line":2,"column":36}},"2":{"start":{"line":5,"column":7},"end":{"line":23,"column":null}},"3":{"start":{"line":5,"column":13},"end":{"line":5,"column":19}},"4":{"start":{"line":7,"column":2},"end":{"line":7,"column":null}},"5":{"start":{"line":10,"column":2},"end":{"line":10,"column":null}},"6":{"start":{"line":13,"column":2},"end":{"line":13,"column":null}},"7":{"start":{"line":16,"column":2},"end":{"line":16,"column":null}},"8":{"start":{"line":19,"column":2},"end":{"line":19,"column":null}},"9":{"start":{"line":22,"column":2},"end":{"line":22,"column":null}},"10":{"start":{"line":5,"column":13},"end":{"line":23,"column":null}},"11":{"start":{"line":25,"column":13},"end":{"line":25,"column":65}}},"fnMap":{},"branchMap":{},"s":{"0":0,"1":0,"2":0,"3":0,"4":0,"5":0,"6":0,"7":0,"8":0,"9":0,"10":0,"11":0},"f":{},"b":{}}
,"/Users/raphaelbentvelzen/Library/Mobile Documents/com~apple~CloudDocs/Projet ArroW2/arrow/backend/src/nom-du-controller/nom-du-controller.controller.ts": {"path":"/Users/raphaelbentvelzen/Library/Mobile Documents/com~apple~CloudDocs/Projet ArroW2/arrow/backend/src/nom-du-controller/nom-du-controller.controller.ts","statementMap":{"0":{"start":{"line":1,"column":0},"end":{"line":1,"column":44}},"1":{"start":{"line":4,"column":7},"end":{"line":4,"column":null}},"2":{"start":{"line":4,"column":13},"end":{"line":4,"column":38}},"3":{"start":{"line":4,"column":13},"end":{"line":4,"column":null}}},"fnMap":{},"branchMap":{},"s":{"0":1,"1":1,"2":1,"3":1},"f":{},"b":{}}
,"/Users/raphaelbentvelzen/Library/Mobile Documents/com~apple~CloudDocs/Projet ArroW2/arrow/backend/src/nom-du-module/nom-du-module.module.ts": {"path":"/Users/raphaelbentvelzen/Library/Mobile Documents/com~apple~CloudDocs/Projet ArroW2/arrow/backend/src/nom-du-module/nom-du-module.module.ts","statementMap":{"0":{"start":{"line":1,"column":0},"end":{"line":1,"column":40}},"1":{"start":{"line":4,"column":7},"end":{"line":4,"column":null}},"2":{"start":{"line":4,"column":13},"end":{"line":4,"column":30}},"3":{"start":{"line":4,"column":13},"end":{"line":4,"column":null}}},"fnMap":{},"branchMap":{},"s":{"0":0,"1":0,"2":0,"3":0},"f":{},"b":{}}
,"/Users/raphaelbentvelzen/Library/Mobile Documents/com~apple~CloudDocs/Projet ArroW2/arrow/backend/src/nom-du-service/nom-du-service.service.ts": {"path":"/Users/raphaelbentvelzen/Library/Mobile Documents/com~apple~CloudDocs/Projet ArroW2/arrow/backend/src/nom-du-service/nom-du-service.service.ts","statementMap":{"0":{"start":{"line":1,"column":0},"end":{"line":1,"column":44}},"1":{"start":{"line":4,"column":7},"end":{"line":4,"column":null}},"2":{"start":{"line":4,"column":13},"end":{"line":4,"column":32}},"3":{"start":{"line":4,"column":13},"end":{"line":4,"column":null}}},"fnMap":{},"branchMap":{},"s":{"0":1,"1":1,"2":1,"3":1},"f":{},"b":{}}
}
